                :-) GROMACS - gmx mdrun, 2022.3-plumed_2.8.1 (-:

Copyright 1991-2022 The GROMACS Authors.
GROMACS is free software; you can redistribute it and/or modify it
under the terms of the GNU Lesser General Public License
as published by the Free Software Foundation; either version 2.1
of the License, or (at your option) any later version.

                         Current GROMACS contributors:
       Mark Abraham           Andrey Alekseenko           Cathrine Bergh      
      Christian Blau            Eliane Briand               Kevin Boyd        
     Oliver Fleetwood         Stefan Fleischmann           Vytas Gapsys       
       Gaurav Garg           Gilles Gouaillardet            Alan Gray         
      Victor Holanda           M. Eric Irrgang              Joe Jordan        
    Christoph Junghans        Prashanth Kanduri           Sebastian Kehl      
     Sebastian Keller          Carsten Kutzner           Magnus Lundborg      
       Pascal Merz              Dmitry Morozov             Szilard Pall       
      Roland Schulz             Michael Shirts         David van der Spoel    
     Alessandra Villa      Sebastian Wingbermuehle        Artem Zhmurov       

                         Previous GROMACS contributors:
        Emile Apol             Rossen Apostolov           James Barnett       
  Herman J.C. Berendsen          Par Bjelkmar           Viacheslav Bolnykh    
    Aldert van Buuren          Carlo Camilloni           Rudi van Drunen      
      Anton Feenstra           Gerrit Groenhof            Bert de Groot       
      Anca Hamuraru           Vincent Hindriksen         Aleksei Iupinov      
   Dimitrios Karkoulis           Peter Kasson               Jiri Kraus        
       Per Larsson             Justin A. Lemkul           Viveca Lindahl      
      Erik Marklund           Pieter Meulenhoff           Vedran Miletic      
      Teemu Murtola              Sander Pronk            Alexey Shvetsov      
      Alfons Sijbers            Peter Tieleman             Jon Vincent        
     Teemu Virolainen         Christian Wennberg           Maarten Wolf       

                  Coordinated by the GROMACS project leaders:
                    Paul Bauer, Berk Hess, and Erik Lindahl

GROMACS:      gmx mdrun, version 2022.3-plumed_2.8.1
Executable:   /ext3/apps/gromacs/2022.3/openmpi/intel/bin/gmx_mpi
Data prefix:  /ext3/apps/gromacs/2022.3/openmpi/intel
Working dir:  /scratch/work/courses/CHEM-GA-2671-2023fa/students/axe1/comp-lab-class-2023/Week3
Process ID:   2891518
Command line:
  gmx_mpi mdrun -deffnm npt

GROMACS version:    2022.3-plumed_2.8.1
Precision:          mixed
Memory model:       64 bit
MPI library:        MPI
OpenMP support:     disabled
GPU support:        disabled
SIMD instructions:  AVX_512
CPU FFT library:    Intel MKL
GPU FFT library:    none
RDTSCP usage:       enabled
TNG support:        enabled
Hwloc support:      disabled
Tracing support:    disabled
C compiler:         /share/apps/utils/intel/icc Intel 20.2.5.20211109
C compiler flags:   -xCORE-AVX512 -qopt-zmm-usage=high -pthread -O3 -DNDEBUG
C++ compiler:       /share/apps/utils/intel/icpc Intel 20.2.5.20211109
C++ compiler flags: -xCORE-AVX512 -qopt-zmm-usage=high -pthread -pthread -O3 -DNDEBUG
Intel MKL version:  2022.0.0


Running on 1 node with total 6 cores, 6 processing units
Hardware detected on host cs167.hpc.nyu.edu (the node of MPI rank 0):
  CPU info:
    Vendor: Intel
    Brand:  Intel(R) Xeon(R) Platinum 8268 CPU @ 2.90GHz
    Family: 6   Model: 85   Stepping: 7
    Features: aes apic avx avx2 avx512f avx512cd avx512bw avx512vl avx512secondFMA clfsh cmov cx8 cx16 f16c fma htt intel lahf mmx msr nonstop_tsc pcid pclmuldq pdcm pdpe1gb popcnt pse rdrnd rdtscp sse2 sse3 sse4.1 sse4.2 ssse3 tdt x2apic
    Number of AVX-512 FMA units: 2
  Hardware topology: Basic
    Packages, cores, and logical processors:
    [indices refer to OS logical processors]
      Package  0: [  10] [  11] [  13] [  14]
      Package  1: [  39] [  46]
    CPU limit set by OS: -1   Recommended max number of threads: 6


++++ PLEASE READ AND CITE THE FOLLOWING REFERENCE ++++
M. J. Abraham, T. Murtola, R. Schulz, S. Páll, J. C. Smith, B. Hess, E.
Lindahl
GROMACS: High performance molecular simulations through multi-level
parallelism from laptops to supercomputers
SoftwareX 1 (2015) pp. 19-25
-------- -------- --- Thank You --- -------- --------


++++ PLEASE READ AND CITE THE FOLLOWING REFERENCE ++++
S. Páll, M. J. Abraham, C. Kutzner, B. Hess, E. Lindahl
Tackling Exascale Software Challenges in Molecular Dynamics Simulations with
GROMACS
In S. Markidis & E. Laure (Eds.), Solving Software Challenges for Exascale 8759 (2015) pp. 3-27
-------- -------- --- Thank You --- -------- --------


++++ PLEASE READ AND CITE THE FOLLOWING REFERENCE ++++
S. Pronk, S. Páll, R. Schulz, P. Larsson, P. Bjelkmar, R. Apostolov, M. R.
Shirts, J. C. Smith, P. M. Kasson, D. van der Spoel, B. Hess, and E. Lindahl
GROMACS 4.5: a high-throughput and highly parallel open source molecular
simulation toolkit
Bioinformatics 29 (2013) pp. 845-54
-------- -------- --- Thank You --- -------- --------


++++ PLEASE READ AND CITE THE FOLLOWING REFERENCE ++++
B. Hess and C. Kutzner and D. van der Spoel and E. Lindahl
GROMACS 4: Algorithms for highly efficient, load-balanced, and scalable
molecular simulation
J. Chem. Theory Comput. 4 (2008) pp. 435-447
-------- -------- --- Thank You --- -------- --------


++++ PLEASE READ AND CITE THE FOLLOWING REFERENCE ++++
D. van der Spoel, E. Lindahl, B. Hess, G. Groenhof, A. E. Mark and H. J. C.
Berendsen
GROMACS: Fast, Flexible and Free
J. Comp. Chem. 26 (2005) pp. 1701-1719
-------- -------- --- Thank You --- -------- --------


++++ PLEASE READ AND CITE THE FOLLOWING REFERENCE ++++
E. Lindahl and B. Hess and D. van der Spoel
GROMACS 3.0: A package for molecular simulation and trajectory analysis
J. Mol. Mod. 7 (2001) pp. 306-317
-------- -------- --- Thank You --- -------- --------


++++ PLEASE READ AND CITE THE FOLLOWING REFERENCE ++++
H. J. C. Berendsen, D. van der Spoel and R. van Drunen
GROMACS: A message-passing parallel molecular dynamics implementation
Comp. Phys. Comm. 91 (1995) pp. 43-56
-------- -------- --- Thank You --- -------- --------

Input Parameters:
   integrator                     = md
   tinit                          = 0
   dt                             = 0.002
   nsteps                         = 50000
   init-step                      = 0
   simulation-part                = 1
   mts                            = false
   comm-mode                      = Linear
   nstcomm                        = 100
   bd-fric                        = 0
   ld-seed                        = 2126184447
   emtol                          = 10
   emstep                         = 0.01
   niter                          = 20
   fcstep                         = 0
   nstcgsteep                     = 1000
   nbfgscorr                      = 10
   rtpi                           = 0.05
   nstxout                        = 500
   nstvout                        = 500
   nstfout                        = 0
   nstlog                         = 500
   nstcalcenergy                  = 100
   nstenergy                      = 500
   nstxout-compressed             = 0
   compressed-x-precision         = 1000
   cutoff-scheme                  = Verlet
   nstlist                        = 10
   pbc                            = xyz
   periodic-molecules             = false
   verlet-buffer-tolerance        = 0.005
   rlist                          = 1
   coulombtype                    = PME
   coulomb-modifier               = Potential-shift
   rcoulomb-switch                = 0
   rcoulomb                       = 1
   epsilon-r                      = 1
   epsilon-rf                     = inf
   vdw-type                       = Cut-off
   vdw-modifier                   = Potential-shift
   rvdw-switch                    = 0
   rvdw                           = 1
   DispCorr                       = EnerPres
   table-extension                = 1
   fourierspacing                 = 0.16
   fourier-nx                     = 44
   fourier-ny                     = 44
   fourier-nz                     = 44
   pme-order                      = 4
   ewald-rtol                     = 1e-05
   ewald-rtol-lj                  = 0.001
   lj-pme-comb-rule               = Geometric
   ewald-geometry                 = 3d
   epsilon-surface                = 0
   tcoupl                         = V-rescale
   nsttcouple                     = 10
   nh-chain-length                = 0
   print-nose-hoover-chain-variables = false
   pcoupl                         = Parrinello-Rahman
   pcoupltype                     = Isotropic
   nstpcouple                     = 10
   tau-p                          = 2
   compressibility (3x3):
      compressibility[    0]={ 4.50000e-05,  0.00000e+00,  0.00000e+00}
      compressibility[    1]={ 0.00000e+00,  4.50000e-05,  0.00000e+00}
      compressibility[    2]={ 0.00000e+00,  0.00000e+00,  4.50000e-05}
   ref-p (3x3):
      ref-p[    0]={ 1.00000e+00,  0.00000e+00,  0.00000e+00}
      ref-p[    1]={ 0.00000e+00,  1.00000e+00,  0.00000e+00}
      ref-p[    2]={ 0.00000e+00,  0.00000e+00,  1.00000e+00}
   refcoord-scaling               = COM
   posres-com (3):
      posres-com[0]= 4.97405e-01
      posres-com[1]= 5.02269e-01
      posres-com[2]= 4.99370e-01
   posres-comB (3):
      posres-comB[0]= 4.97405e-01
      posres-comB[1]= 5.02269e-01
      posres-comB[2]= 4.99370e-01
   QMMM                           = false
qm-opts:
   ngQM                           = 0
   constraint-algorithm           = Lincs
   continuation                   = true
   Shake-SOR                      = false
   shake-tol                      = 0.0001
   lincs-order                    = 4
   lincs-iter                     = 1
   lincs-warnangle                = 30
   nwall                          = 0
   wall-type                      = 9-3
   wall-r-linpot                  = -1
   wall-atomtype[0]               = -1
   wall-atomtype[1]               = -1
   wall-density[0]                = 0
   wall-density[1]                = 0
   wall-ewald-zfac                = 3
   pull                           = false
   awh                            = false
   rotation                       = false
   interactiveMD                  = false
   disre                          = No
   disre-weighting                = Conservative
   disre-mixed                    = false
   dr-fc                          = 1000
   dr-tau                         = 0
   nstdisreout                    = 100
   orire-fc                       = 0
   orire-tau                      = 0
   nstorireout                    = 100
   free-energy                    = no
   cos-acceleration               = 0
   deform (3x3):
      deform[    0]={ 0.00000e+00,  0.00000e+00,  0.00000e+00}
      deform[    1]={ 0.00000e+00,  0.00000e+00,  0.00000e+00}
      deform[    2]={ 0.00000e+00,  0.00000e+00,  0.00000e+00}
   simulated-tempering            = false
   swapcoords                     = no
   userint1                       = 0
   userint2                       = 0
   userint3                       = 0
   userint4                       = 0
   userreal1                      = 0
   userreal2                      = 0
   userreal3                      = 0
   userreal4                      = 0
   applied-forces:
     electric-field:
       x:
         E0                       = 0
         omega                    = 0
         t0                       = 0
         sigma                    = 0
       y:
         E0                       = 0
         omega                    = 0
         t0                       = 0
         sigma                    = 0
       z:
         E0                       = 0
         omega                    = 0
         t0                       = 0
         sigma                    = 0
     density-guided-simulation:
       active                     = false
       group                      = protein
       similarity-measure         = inner-product
       atom-spreading-weight      = unity
       force-constant             = 1e+09
       gaussian-transform-spreading-width = 0.2
       gaussian-transform-spreading-range-in-multiples-of-width = 4
       reference-density-filename = reference.mrc
       nst                        = 1
       normalize-densities        = true
       adaptive-force-scaling     = false
       adaptive-force-scaling-time-constant = 4
       shift-vector               = 
       transformation-matrix      = 
     qmmm-cp2k:
       active                     = false
       qmgroup                    = System
       qmmethod                   = PBE
       qmfilenames                = 
       qmcharge                   = 0
       qmmultiplicity             = 1
grpopts:
   nrdf:     4920.79     63837.2
   ref-t:         300         300
   tau-t:         0.1         0.1
annealing:          No          No
annealing-npoints:           0           0
   acc:	           0           0           0
   nfreeze:           N           N           N
   energygrp-flags[  0]: 0

Changing nstlist from 10 to 50, rlist from 1 to 1.115


Initializing Domain Decomposition on 1 ranks
Dynamic load balancing: auto
Using update groups, nr 11645, average size 2.9 atoms, max. radius 0.103 nm
Minimum cell size due to atom displacement: 0.398 nm
Initial maximum distances in bonded interactions:
    two-body bonded interactions: 0.448 nm, LJ-14, atoms 1156 1405
  multi-body bonded interactions: 0.448 nm, Ryckaert-Bell., atoms 1156 1405
Minimum cell size due to bonded interactions: 0.493 nm
Using 0 separate PME ranks because: there are too few total ranks for efficient splitting
Optimizing the DD grid for 1 cells with a minimum initial size of 0.493 nm
The maximum allowed number of cells is: X 14 Y 14 Z 14
Domain decomposition grid 1 x 1 x 1, separate PME ranks 0
PME domain decomposition: 1 x 1 x 1

The initial number of communication pulses is:
The initial domain decomposition cell size is:

The maximum allowed distance for atom groups involved in interactions is:
                 non-bonded interactions           1.322 nm
(the following are initial values, they could change due to box deformation)
            two-body bonded interactions  (-rdd)   1.322 nm
          multi-body bonded interactions  (-rdd)   1.322 nm

When dynamic load balancing gets turned on, these settings will change to:
The maximum number of communication pulses is:
The minimum size for domain decomposition cells is 1.322 nm
The requested allowed shrink of DD cells (option -dds) is: 0.80
The allowed shrink of domain decomposition cells is:
The maximum allowed distance for atom groups involved in interactions is:
                 non-bonded interactions           1.322 nm
            two-body bonded interactions  (-rdd)   1.322 nm
          multi-body bonded interactions  (-rdd)   1.322 nm

Using 1 MPI process

Non-default thread affinity set, disabling internal thread affinity
System total charge: -0.000
Will do PME sum in reciprocal space for electrostatic interactions.

++++ PLEASE READ AND CITE THE FOLLOWING REFERENCE ++++
U. Essmann, L. Perera, M. L. Berkowitz, T. Darden, H. Lee and L. G. Pedersen 
A smooth particle mesh Ewald method
J. Chem. Phys. 103 (1995) pp. 8577-8592
-------- -------- --- Thank You --- -------- --------

Using a Gaussian width (1/beta) of 0.320163 nm for Ewald
Potential shift: LJ r^-12: -1.000e+00 r^-6: -1.000e+00, Ewald -1.000e-05
Initialized non-bonded Coulomb Ewald tables, spacing: 9.33e-04 size: 1073

Generated table with 1057 data points for 1-4 COUL.
Tabscale = 500 points/nm
Generated table with 1057 data points for 1-4 LJ6.
Tabscale = 500 points/nm
Generated table with 1057 data points for 1-4 LJ12.
Tabscale = 500 points/nm

Long Range LJ corr.: <C6> 3.1923e-04


Using SIMD 4x8 nonbonded short-range kernels

Using a dual 4x8 pair-list setup updated with dynamic pruning:
  outer list: updated every 50 steps, buffer 0.115 nm, rlist 1.115 nm
  inner list: updated every 12 steps, buffer 0.002 nm, rlist 1.002 nm
At tolerance 0.005 kJ/mol/ps per atom, equivalent classical 1x1 list would be:
  outer list: updated every 50 steps, buffer 0.243 nm, rlist 1.243 nm
  inner list: updated every 12 steps, buffer 0.047 nm, rlist 1.047 nm

Using Geometric Lennard-Jones combination rule

Linking all bonded interactions to atoms


Initializing LINear Constraint Solver

++++ PLEASE READ AND CITE THE FOLLOWING REFERENCE ++++
B. Hess and H. Bekker and H. J. C. Berendsen and J. G. E. M. Fraaije
LINCS: A Linear Constraint Solver for molecular simulations
J. Comp. Chem. 18 (1997) pp. 1463-1472
-------- -------- --- Thank You --- -------- --------

The number of constraints is 959

++++ PLEASE READ AND CITE THE FOLLOWING REFERENCE ++++
S. Miyamoto and P. A. Kollman
SETTLE: An Analytical Version of the SHAKE and RATTLE Algorithms for Rigid
Water Models
J. Comp. Chem. 13 (1992) pp. 952-962
-------- -------- --- Thank You --- -------- --------


++++ PLEASE READ AND CITE THE FOLLOWING REFERENCE ++++
G. Bussi, D. Donadio and M. Parrinello
Canonical sampling through velocity rescaling
J. Chem. Phys. 126 (2007) pp. 014101
-------- -------- --- Thank You --- -------- --------

There are: 33876 Atoms

Atom distribution over 1 domains: av 33876 stddev 0 min 33876 max 33876
Center of mass motion removal mode is Linear
We have the following groups for center of mass motion removal:
  0:  rest

Started mdrun on rank 0 Sun Sep 24 20:01:56 2023

           Step           Time
              0        0.00000

   Energies (kJ/mol)
           Bond          Angle    Proper Dih. Ryckaert-Bell.          LJ-14
    1.50394e+03    3.95488e+03    2.71884e+02    1.94614e+03    2.69167e+03
     Coulomb-14        LJ (SR)  Disper. corr.   Coulomb (SR)   Coul. recip.
    7.69864e+03    9.08721e+04   -4.44920e+03   -6.28366e+05    3.08233e+03
 Position Rest.      Potential    Kinetic En.   Total Energy  Conserved En.
    1.25635e-01   -5.20794e+05    8.65868e+04   -4.34207e+05   -4.34186e+05
    Temperature Pres. DC (bar) Pressure (bar)   Constr. rmsd
    3.02917e+02   -2.14729e+02   -5.20152e+02    3.08084e-06

           Step           Time
            500        1.00000

   Energies (kJ/mol)
           Bond          Angle    Proper Dih. Ryckaert-Bell.          LJ-14
    1.43423e+03    3.72149e+03    2.09821e+02    1.81372e+03    2.73035e+03
     Coulomb-14        LJ (SR)  Disper. corr.   Coulomb (SR)   Coul. recip.
    7.77264e+03    9.35066e+04   -4.55529e+03   -6.33637e+05    2.94647e+03
 Position Rest.      Potential    Kinetic En.   Total Energy  Conserved En.
    4.39576e+02   -5.23617e+05    8.53533e+04   -4.38264e+05   -4.34147e+05
    Temperature Pres. DC (bar) Pressure (bar)   Constr. rmsd
    2.98602e+02   -2.25078e+02    1.17315e+02    2.95894e-06

           Step           Time
           1000        2.00000

   Energies (kJ/mol)
           Bond          Angle    Proper Dih. Ryckaert-Bell.          LJ-14
    1.42936e+03    3.71931e+03    2.38819e+02    1.90568e+03    2.65998e+03
     Coulomb-14        LJ (SR)  Disper. corr.   Coulomb (SR)   Coul. recip.
    7.80546e+03    9.26551e+04   -4.54869e+03   -6.33676e+05    2.90076e+03
 Position Rest.      Potential    Kinetic En.   Total Energy  Conserved En.
    4.76016e+02   -5.24434e+05    8.57091e+04   -4.38725e+05   -4.34150e+05
    Temperature Pres. DC (bar) Pressure (bar)   Constr. rmsd
    2.99847e+02   -2.24427e+02   -1.79063e+02    3.16797e-06

           Step           Time
           1500        3.00000

   Energies (kJ/mol)
           Bond          Angle    Proper Dih. Ryckaert-Bell.          LJ-14
    1.53331e+03    3.62004e+03    2.42255e+02    1.87693e+03    2.69221e+03
     Coulomb-14        LJ (SR)  Disper. corr.   Coulomb (SR)   Coul. recip.
    7.75300e+03    9.32249e+04   -4.56315e+03   -6.33590e+05    3.00532e+03
 Position Rest.      Potential    Kinetic En.   Total Energy  Conserved En.
    4.73383e+02   -5.23732e+05    8.55091e+04   -4.38223e+05   -4.34145e+05
    Temperature Pres. DC (bar) Pressure (bar)   Constr. rmsd
    2.99147e+02   -2.25854e+02    1.22436e+01    3.13695e-06

           Step           Time
           2000        4.00000

   Energies (kJ/mol)
           Bond          Angle    Proper Dih. Ryckaert-Bell.          LJ-14
    1.32123e+03    3.94373e+03    2.82212e+02    1.94625e+03    2.60605e+03
     Coulomb-14        LJ (SR)  Disper. corr.   Coulomb (SR)   Coul. recip.
    7.70832e+03    9.41879e+04   -4.56176e+03   -6.35901e+05    2.92581e+03
 Position Rest.      Potential    Kinetic En.   Total Energy  Conserved En.
    4.55968e+02   -5.25086e+05    8.59689e+04   -4.39117e+05   -4.34134e+05
    Temperature Pres. DC (bar) Pressure (bar)   Constr. rmsd
    3.00756e+02   -2.25717e+02   -6.89791e+01    2.92920e-06

           Step           Time
           2500        5.00000

   Energies (kJ/mol)
           Bond          Angle    Proper Dih. Ryckaert-Bell.          LJ-14
    1.37616e+03    3.64260e+03    2.45613e+02    1.81681e+03    2.69470e+03
     Coulomb-14        LJ (SR)  Disper. corr.   Coulomb (SR)   Coul. recip.
    7.77996e+03    9.39877e+04   -4.55609e+03   -6.36109e+05    2.91799e+03
 Position Rest.      Potential    Kinetic En.   Total Energy  Conserved En.
    4.32324e+02   -5.25772e+05    8.55425e+04   -4.40229e+05   -4.34138e+05
    Temperature Pres. DC (bar) Pressure (bar)   Constr. rmsd
    2.99264e+02   -2.25157e+02   -1.44879e+02    2.61529e-06

           Step           Time
           3000        6.00000

   Energies (kJ/mol)
           Bond          Angle    Proper Dih. Ryckaert-Bell.          LJ-14
    1.44805e+03    3.89782e+03    2.32309e+02    1.78530e+03    2.66350e+03
     Coulomb-14        LJ (SR)  Disper. corr.   Coulomb (SR)   Coul. recip.
    7.75275e+03    9.37951e+04   -4.56235e+03   -6.34369e+05    2.99491e+03
 Position Rest.      Potential    Kinetic En.   Total Energy  Conserved En.
    4.59759e+02   -5.23902e+05    8.59735e+04   -4.37928e+05   -4.34118e+05
    Temperature Pres. DC (bar) Pressure (bar)   Constr. rmsd
    3.00772e+02   -2.25776e+02   -5.88593e+00    2.76750e-06

           Step           Time
           3500        7.00000

   Energies (kJ/mol)
           Bond          Angle    Proper Dih. Ryckaert-Bell.          LJ-14
    1.45397e+03    3.77642e+03    2.24307e+02    1.79661e+03    2.64957e+03
     Coulomb-14        LJ (SR)  Disper. corr.   Coulomb (SR)   Coul. recip.
    7.65325e+03    9.23638e+04   -4.57128e+03   -6.33619e+05    2.91599e+03
 Position Rest.      Potential    Kinetic En.   Total Energy  Conserved En.
    4.66687e+02   -5.24889e+05    8.57876e+04   -4.39102e+05   -4.34104e+05
    Temperature Pres. DC (bar) Pressure (bar)   Constr. rmsd
    3.00122e+02   -2.26659e+02   -2.14788e+02    2.57590e-06

           Step           Time
           4000        8.00000

   Energies (kJ/mol)
           Bond          Angle    Proper Dih. Ryckaert-Bell.          LJ-14
    1.49537e+03    3.81671e+03    2.65028e+02    1.90000e+03    2.63717e+03
     Coulomb-14        LJ (SR)  Disper. corr.   Coulomb (SR)   Coul. recip.
    7.71037e+03    9.46678e+04   -4.55296e+03   -6.35559e+05    2.96638e+03
 Position Rest.      Potential    Kinetic En.   Total Energy  Conserved En.
    4.90647e+02   -5.24162e+05    8.64031e+04   -4.37759e+05   -4.34104e+05
    Temperature Pres. DC (bar) Pressure (bar)   Constr. rmsd
    3.02275e+02   -2.24848e+02    4.90689e+01    2.95892e-06

           Step           Time
           4500        9.00000

   Energies (kJ/mol)
           Bond          Angle    Proper Dih. Ryckaert-Bell.          LJ-14
    1.55745e+03    3.58148e+03    2.54751e+02    1.87907e+03    2.60937e+03
     Coulomb-14        LJ (SR)  Disper. corr.   Coulomb (SR)   Coul. recip.
    7.65195e+03    9.29163e+04   -4.55054e+03   -6.33690e+05    2.91362e+03
 Position Rest.      Potential    Kinetic En.   Total Energy  Conserved En.
    4.95049e+02   -5.24381e+05    8.48306e+04   -4.39551e+05   -4.34103e+05
    Temperature Pres. DC (bar) Pressure (bar)   Constr. rmsd
    2.96773e+02   -2.24609e+02   -2.92827e+02    2.73942e-06

           Step           Time
           5000       10.00000

   Energies (kJ/mol)
           Bond          Angle    Proper Dih. Ryckaert-Bell.          LJ-14
    1.55179e+03    3.65304e+03    2.88789e+02    1.89695e+03    2.66111e+03
     Coulomb-14        LJ (SR)  Disper. corr.   Coulomb (SR)   Coul. recip.
    7.80649e+03    9.27692e+04   -4.55621e+03   -6.32914e+05    2.94812e+03
 Position Rest.      Potential    Kinetic En.   Total Energy  Conserved En.
    4.46513e+02   -5.23449e+05    8.52841e+04   -4.38165e+05   -4.34086e+05
    Temperature Pres. DC (bar) Pressure (bar)   Constr. rmsd
    2.98360e+02   -2.25168e+02   -1.64942e+02    2.89876e-06

           Step           Time
           5500       11.00000

   Energies (kJ/mol)
           Bond          Angle    Proper Dih. Ryckaert-Bell.          LJ-14
    1.47737e+03    3.57906e+03    3.04811e+02    1.83613e+03    2.67134e+03
     Coulomb-14        LJ (SR)  Disper. corr.   Coulomb (SR)   Coul. recip.
    7.78471e+03    9.27966e+04   -4.58705e+03   -6.33640e+05    2.92151e+03
 Position Rest.      Potential    Kinetic En.   Total Energy  Conserved En.
    4.94976e+02   -5.24360e+05    8.64425e+04   -4.37918e+05   -4.34114e+05
    Temperature Pres. DC (bar) Pressure (bar)   Constr. rmsd
    3.02413e+02   -2.28223e+02    2.29219e+01    3.60313e-06

           Step           Time
           6000       12.00000

   Energies (kJ/mol)
           Bond          Angle    Proper Dih. Ryckaert-Bell.          LJ-14
    1.31956e+03    3.69081e+03    2.32745e+02    1.79234e+03    2.74573e+03
     Coulomb-14        LJ (SR)  Disper. corr.   Coulomb (SR)   Coul. recip.
    7.76698e+03    9.34723e+04   -4.57176e+03   -6.34555e+05    2.82659e+03
 Position Rest.      Potential    Kinetic En.   Total Energy  Conserved En.
    4.55454e+02   -5.24824e+05    8.52322e+04   -4.39592e+05   -4.34090e+05
    Temperature Pres. DC (bar) Pressure (bar)   Constr. rmsd
    2.98178e+02   -2.26706e+02    1.01104e+02    2.92817e-06

           Step           Time
           6500       13.00000

   Energies (kJ/mol)
           Bond          Angle    Proper Dih. Ryckaert-Bell.          LJ-14
    1.45815e+03    3.71114e+03    2.18497e+02    1.82779e+03    2.65548e+03
     Coulomb-14        LJ (SR)  Disper. corr.   Coulomb (SR)   Coul. recip.
    7.81199e+03    9.35337e+04   -4.57534e+03   -6.34606e+05    2.93035e+03
 Position Rest.      Potential    Kinetic En.   Total Energy  Conserved En.
    5.10247e+02   -5.24524e+05    8.60856e+04   -4.38438e+05   -4.34096e+05
    Temperature Pres. DC (bar) Pressure (bar)   Constr. rmsd
    3.01164e+02   -2.27062e+02   -4.66378e+01    3.51627e-06

           Step           Time
           7000       14.00000

   Energies (kJ/mol)
           Bond          Angle    Proper Dih. Ryckaert-Bell.          LJ-14
    1.32670e+03    3.81008e+03    2.18533e+02    1.79609e+03    2.67782e+03
     Coulomb-14        LJ (SR)  Disper. corr.   Coulomb (SR)   Coul. recip.
    7.66447e+03    9.28431e+04   -4.55782e+03   -6.33770e+05    2.92385e+03
 Position Rest.      Potential    Kinetic En.   Total Energy  Conserved En.
    4.79387e+02   -5.24588e+05    8.61864e+04   -4.38401e+05   -4.34084e+05
    Temperature Pres. DC (bar) Pressure (bar)   Constr. rmsd
    3.01517e+02   -2.25327e+02   -3.95934e+01    2.93833e-06

           Step           Time
           7500       15.00000

   Energies (kJ/mol)
           Bond          Angle    Proper Dih. Ryckaert-Bell.          LJ-14
    1.44407e+03    3.81456e+03    2.43002e+02    1.86112e+03    2.58584e+03
     Coulomb-14        LJ (SR)  Disper. corr.   Coulomb (SR)   Coul. recip.
    7.76629e+03    9.14939e+04   -4.54748e+03   -6.31907e+05    3.00216e+03
 Position Rest.      Potential    Kinetic En.   Total Energy  Conserved En.
    5.02416e+02   -5.23741e+05    8.52740e+04   -4.38467e+05   -4.34068e+05
    Temperature Pres. DC (bar) Pressure (bar)   Constr. rmsd
    2.98325e+02   -2.24307e+02   -3.76875e+02    2.88013e-06

           Step           Time
           8000       16.00000

   Energies (kJ/mol)
           Bond          Angle    Proper Dih. Ryckaert-Bell.          LJ-14
    1.37425e+03    3.76447e+03    2.67410e+02    1.86959e+03    2.70540e+03
     Coulomb-14        LJ (SR)  Disper. corr.   Coulomb (SR)   Coul. recip.
    7.82963e+03    9.34621e+04   -4.56770e+03   -6.33556e+05    2.91404e+03
 Position Rest.      Potential    Kinetic En.   Total Energy  Conserved En.
    5.20945e+02   -5.23416e+05    8.55847e+04   -4.37831e+05   -4.34050e+05
    Temperature Pres. DC (bar) Pressure (bar)   Constr. rmsd
    2.99412e+02   -2.26305e+02    2.04405e+02    2.80909e-06

           Step           Time
           8500       17.00000

   Energies (kJ/mol)
           Bond          Angle    Proper Dih. Ryckaert-Bell.          LJ-14
    1.37453e+03    3.58933e+03    2.71693e+02    1.83645e+03    2.73374e+03
     Coulomb-14        LJ (SR)  Disper. corr.   Coulomb (SR)   Coul. recip.
    7.80322e+03    9.38964e+04   -4.56894e+03   -6.35060e+05    2.88561e+03
 Position Rest.      Potential    Kinetic En.   Total Energy  Conserved En.
    5.11890e+02   -5.24726e+05    8.56423e+04   -4.39083e+05   -4.34074e+05
    Temperature Pres. DC (bar) Pressure (bar)   Constr. rmsd
    2.99613e+02   -2.26427e+02    1.94442e+02    2.85914e-06

           Step           Time
           9000       18.00000

   Energies (kJ/mol)
           Bond          Angle    Proper Dih. Ryckaert-Bell.          LJ-14
    1.40185e+03    3.77556e+03    2.40758e+02    1.76606e+03    2.67379e+03
     Coulomb-14        LJ (SR)  Disper. corr.   Coulomb (SR)   Coul. recip.
    7.74032e+03    9.35964e+04   -4.55585e+03   -6.34266e+05    2.90866e+03
 Position Rest.      Potential    Kinetic En.   Total Energy  Conserved En.
    4.94834e+02   -5.24224e+05    8.56651e+04   -4.38558e+05   -4.34065e+05
    Temperature Pres. DC (bar) Pressure (bar)   Constr. rmsd
    2.99693e+02   -2.25133e+02    8.80790e+01    2.97481e-06

           Step           Time
           9500       19.00000

   Energies (kJ/mol)
           Bond          Angle    Proper Dih. Ryckaert-Bell.          LJ-14
    1.46237e+03    3.65107e+03    2.55172e+02    1.87912e+03    2.73137e+03
     Coulomb-14        LJ (SR)  Disper. corr.   Coulomb (SR)   Coul. recip.
    7.74774e+03    9.29898e+04   -4.56892e+03   -6.33423e+05    2.91384e+03
 Position Rest.      Potential    Kinetic En.   Total Energy  Conserved En.
    4.49677e+02   -5.23912e+05    8.62292e+04   -4.37683e+05   -4.34058e+05
    Temperature Pres. DC (bar) Pressure (bar)   Constr. rmsd
    3.01667e+02   -2.26425e+02    1.54129e+02    2.99742e-06

           Step           Time
          10000       20.00000

   Energies (kJ/mol)
           Bond          Angle    Proper Dih. Ryckaert-Bell.          LJ-14
    1.45291e+03    3.84964e+03    2.45413e+02    1.71949e+03    2.67888e+03
     Coulomb-14        LJ (SR)  Disper. corr.   Coulomb (SR)   Coul. recip.
    7.85538e+03    9.36582e+04   -4.56420e+03   -6.35097e+05    3.04712e+03
 Position Rest.      Potential    Kinetic En.   Total Energy  Conserved En.
    4.66897e+02   -5.24688e+05    8.57132e+04   -4.38974e+05   -4.34067e+05
    Temperature Pres. DC (bar) Pressure (bar)   Constr. rmsd
    2.99861e+02   -2.25959e+02    4.44744e+01    2.50008e-06

           Step           Time
          10500       21.00000

   Energies (kJ/mol)
           Bond          Angle    Proper Dih. Ryckaert-Bell.          LJ-14
    1.40748e+03    3.66372e+03    2.55360e+02    1.84308e+03    2.71176e+03
     Coulomb-14        LJ (SR)  Disper. corr.   Coulomb (SR)   Coul. recip.
    7.75342e+03    9.31515e+04   -4.57391e+03   -6.34053e+05    2.82344e+03
 Position Rest.      Potential    Kinetic En.   Total Energy  Conserved En.
    4.78702e+02   -5.24538e+05    8.46741e+04   -4.39864e+05   -4.34043e+05
    Temperature Pres. DC (bar) Pressure (bar)   Constr. rmsd
    2.96226e+02   -2.26919e+02    1.02844e+02    3.01001e-06

           Step           Time
          11000       22.00000

   Energies (kJ/mol)
           Bond          Angle    Proper Dih. Ryckaert-Bell.          LJ-14
    1.36328e+03    3.70047e+03    2.35724e+02    1.85752e+03    2.70751e+03
     Coulomb-14        LJ (SR)  Disper. corr.   Coulomb (SR)   Coul. recip.
    7.79816e+03    9.32351e+04   -4.56412e+03   -6.34497e+05    2.90043e+03
 Position Rest.      Potential    Kinetic En.   Total Energy  Conserved En.
    5.21655e+02   -5.24741e+05    8.52784e+04   -4.39463e+05   -4.34062e+05
    Temperature Pres. DC (bar) Pressure (bar)   Constr. rmsd
    2.98340e+02   -2.25950e+02   -1.85557e+01    2.84771e-06

           Step           Time
          11500       23.00000

   Energies (kJ/mol)
           Bond          Angle    Proper Dih. Ryckaert-Bell.          LJ-14
    1.48850e+03    3.77754e+03    2.76722e+02    1.87702e+03    2.77847e+03
     Coulomb-14        LJ (SR)  Disper. corr.   Coulomb (SR)   Coul. recip.
    7.80111e+03    9.24138e+04   -4.57208e+03   -6.32995e+05    3.00346e+03
 Position Rest.      Potential    Kinetic En.   Total Energy  Conserved En.
    4.92082e+02   -5.23658e+05    8.53407e+04   -4.38318e+05   -4.34038e+05
    Temperature Pres. DC (bar) Pressure (bar)   Constr. rmsd
    2.98558e+02   -2.26738e+02    3.07287e+00    2.44997e-06

           Step           Time
          12000       24.00000

   Energies (kJ/mol)
           Bond          Angle    Proper Dih. Ryckaert-Bell.          LJ-14
    1.39319e+03    3.63580e+03    1.92933e+02    1.78963e+03    2.69695e+03
     Coulomb-14        LJ (SR)  Disper. corr.   Coulomb (SR)   Coul. recip.
    7.75977e+03    9.41842e+04   -4.55640e+03   -6.35335e+05    2.87889e+03
 Position Rest.      Potential    Kinetic En.   Total Energy  Conserved En.
    4.12987e+02   -5.24947e+05    8.54990e+04   -4.39448e+05   -4.34053e+05
    Temperature Pres. DC (bar) Pressure (bar)   Constr. rmsd
    2.99112e+02   -2.25188e+02    4.51993e+01    2.78480e-06

           Step           Time
          12500       25.00000

   Energies (kJ/mol)
           Bond          Angle    Proper Dih. Ryckaert-Bell.          LJ-14
    1.50482e+03    3.67636e+03    2.09845e+02    1.81263e+03    2.74350e+03
     Coulomb-14        LJ (SR)  Disper. corr.   Coulomb (SR)   Coul. recip.
    7.68311e+03    9.41958e+04   -4.57881e+03   -6.35169e+05    2.90648e+03
 Position Rest.      Potential    Kinetic En.   Total Energy  Conserved En.
    4.73599e+02   -5.24542e+05    8.59460e+04   -4.38596e+05   -4.34035e+05
    Temperature Pres. DC (bar) Pressure (bar)   Constr. rmsd
    3.00676e+02   -2.27405e+02    2.29699e+02    3.08914e-06

           Step           Time
          13000       26.00000

   Energies (kJ/mol)
           Bond          Angle    Proper Dih. Ryckaert-Bell.          LJ-14
    1.45975e+03    3.62675e+03    2.67971e+02    1.90528e+03    2.64732e+03
     Coulomb-14        LJ (SR)  Disper. corr.   Coulomb (SR)   Coul. recip.
    7.74562e+03    9.39591e+04   -4.55329e+03   -6.34662e+05    2.89351e+03
 Position Rest.      Potential    Kinetic En.   Total Energy  Conserved En.
    4.43854e+02   -5.24266e+05    8.55483e+04   -4.38718e+05   -4.34038e+05
    Temperature Pres. DC (bar) Pressure (bar)   Constr. rmsd
    2.99284e+02   -2.24880e+02    1.03679e+02    2.87675e-06

           Step           Time
          13500       27.00000

   Energies (kJ/mol)
           Bond          Angle    Proper Dih. Ryckaert-Bell.          LJ-14
    1.33095e+03    3.56930e+03    2.74543e+02    1.80397e+03    2.64867e+03
     Coulomb-14        LJ (SR)  Disper. corr.   Coulomb (SR)   Coul. recip.
    7.57286e+03    9.41799e+04   -4.54197e+03   -6.35718e+05    2.91773e+03
 Position Rest.      Potential    Kinetic En.   Total Energy  Conserved En.
    5.02016e+02   -5.25460e+05    8.53790e+04   -4.40081e+05   -4.34040e+05
    Temperature Pres. DC (bar) Pressure (bar)   Constr. rmsd
    2.98692e+02   -2.23765e+02    5.89894e+01    2.98163e-06

           Step           Time
          14000       28.00000

   Energies (kJ/mol)
           Bond          Angle    Proper Dih. Ryckaert-Bell.          LJ-14
    1.46481e+03    3.81002e+03    2.89111e+02    1.81320e+03    2.60079e+03
     Coulomb-14        LJ (SR)  Disper. corr.   Coulomb (SR)   Coul. recip.
    7.75949e+03    9.22400e+04   -4.54408e+03   -6.33090e+05    2.96981e+03
 Position Rest.      Potential    Kinetic En.   Total Energy  Conserved En.
    4.89530e+02   -5.24197e+05    8.56903e+04   -4.38507e+05   -4.34028e+05
    Temperature Pres. DC (bar) Pressure (bar)   Constr. rmsd
    2.99781e+02   -2.23972e+02   -4.09699e+02    2.72972e-06

           Step           Time
          14500       29.00000

   Energies (kJ/mol)
           Bond          Angle    Proper Dih. Ryckaert-Bell.          LJ-14
    1.48274e+03    3.67863e+03    2.56492e+02    1.87255e+03    2.72897e+03
     Coulomb-14        LJ (SR)  Disper. corr.   Coulomb (SR)   Coul. recip.
    7.74784e+03    9.18096e+04   -4.57327e+03   -6.32556e+05    2.94465e+03
 Position Rest.      Potential    Kinetic En.   Total Energy  Conserved En.
    4.95185e+02   -5.24112e+05    8.55468e+04   -4.38565e+05   -4.34020e+05
    Temperature Pres. DC (bar) Pressure (bar)   Constr. rmsd
    2.99279e+02   -2.26856e+02   -6.68622e+00    3.17466e-06

           Step           Time
          15000       30.00000

   Energies (kJ/mol)
           Bond          Angle    Proper Dih. Ryckaert-Bell.          LJ-14
    1.51083e+03    3.70443e+03    2.56973e+02    1.87965e+03    2.73489e+03
     Coulomb-14        LJ (SR)  Disper. corr.   Coulomb (SR)   Coul. recip.
    7.82932e+03    9.32305e+04   -4.53954e+03   -6.33663e+05    3.02501e+03
 Position Rest.      Potential    Kinetic En.   Total Energy  Conserved En.
    4.72901e+02   -5.23558e+05    8.56387e+04   -4.37919e+05   -4.34003e+05
    Temperature Pres. DC (bar) Pressure (bar)   Constr. rmsd
    2.99601e+02   -2.23526e+02   -1.39521e+02    2.78718e-06

           Step           Time
          15500       31.00000

   Energies (kJ/mol)
           Bond          Angle    Proper Dih. Ryckaert-Bell.          LJ-14
    1.36467e+03    3.69268e+03    2.16413e+02    1.82391e+03    2.68117e+03
     Coulomb-14        LJ (SR)  Disper. corr.   Coulomb (SR)   Coul. recip.
    7.80262e+03    9.35001e+04   -4.56091e+03   -6.33824e+05    2.88223e+03
 Position Rest.      Potential    Kinetic En.   Total Energy  Conserved En.
    5.13529e+02   -5.23908e+05    8.56305e+04   -4.38277e+05   -4.34005e+05
    Temperature Pres. DC (bar) Pressure (bar)   Constr. rmsd
    2.99572e+02   -2.25633e+02   -7.92203e+01    2.87326e-06

           Step           Time
          16000       32.00000

   Energies (kJ/mol)
           Bond          Angle    Proper Dih. Ryckaert-Bell.          LJ-14
    1.45368e+03    3.74847e+03    2.15215e+02    1.91934e+03    2.69058e+03
     Coulomb-14        LJ (SR)  Disper. corr.   Coulomb (SR)   Coul. recip.
    7.74740e+03    9.35297e+04   -4.56240e+03   -6.33903e+05    2.95401e+03
 Position Rest.      Potential    Kinetic En.   Total Energy  Conserved En.
    4.67101e+02   -5.23740e+05    8.54387e+04   -4.38302e+05   -4.33993e+05
    Temperature Pres. DC (bar) Pressure (bar)   Constr. rmsd
    2.98901e+02   -2.25780e+02   -3.10840e+00    3.12287e-06

           Step           Time
          16500       33.00000

   Energies (kJ/mol)
           Bond          Angle    Proper Dih. Ryckaert-Bell.          LJ-14
    1.41159e+03    3.99573e+03    2.47536e+02    1.88638e+03    2.65834e+03
     Coulomb-14        LJ (SR)  Disper. corr.   Coulomb (SR)   Coul. recip.
    7.71294e+03    9.30939e+04   -4.57412e+03   -6.33494e+05    2.90854e+03
 Position Rest.      Potential    Kinetic En.   Total Energy  Conserved En.
    4.39640e+02   -5.23714e+05    8.63025e+04   -4.37412e+05   -4.33974e+05
    Temperature Pres. DC (bar) Pressure (bar)   Constr. rmsd
    3.01923e+02   -2.26941e+02    1.86883e+02    2.94436e-06

           Step           Time
          17000       34.00000

   Energies (kJ/mol)
           Bond          Angle    Proper Dih. Ryckaert-Bell.          LJ-14
    1.50637e+03    3.73261e+03    2.46885e+02    1.76766e+03    2.58830e+03
     Coulomb-14        LJ (SR)  Disper. corr.   Coulomb (SR)   Coul. recip.
    7.71421e+03    9.18439e+04   -4.56883e+03   -6.30869e+05    2.92431e+03
 Position Rest.      Potential    Kinetic En.   Total Energy  Conserved En.
    4.94049e+02   -5.22620e+05    8.55910e+04   -4.37029e+05   -4.33990e+05
    Temperature Pres. DC (bar) Pressure (bar)   Constr. rmsd
    2.99434e+02   -2.26416e+02   -2.69514e+02    3.05464e-06

           Step           Time
          17500       35.00000

   Energies (kJ/mol)
           Bond          Angle    Proper Dih. Ryckaert-Bell.          LJ-14
    1.37027e+03    3.85746e+03    2.69398e+02    1.84824e+03    2.65388e+03
     Coulomb-14        LJ (SR)  Disper. corr.   Coulomb (SR)   Coul. recip.
    7.66152e+03    9.40645e+04   -4.59232e+03   -6.35179e+05    2.87304e+03
 Position Rest.      Potential    Kinetic En.   Total Energy  Conserved En.
    5.34575e+02   -5.24638e+05    8.54763e+04   -4.39162e+05   -4.33972e+05
    Temperature Pres. DC (bar) Pressure (bar)   Constr. rmsd
    2.99032e+02   -2.28748e+02    2.10377e+02    2.76001e-06

           Step           Time
          18000       36.00000

   Energies (kJ/mol)
           Bond          Angle    Proper Dih. Ryckaert-Bell.          LJ-14
    1.58097e+03    3.65783e+03    2.49378e+02    1.83756e+03    2.63591e+03
     Coulomb-14        LJ (SR)  Disper. corr.   Coulomb (SR)   Coul. recip.
    7.66133e+03    9.33353e+04   -4.57228e+03   -6.34910e+05    2.99325e+03
 Position Rest.      Potential    Kinetic En.   Total Energy  Conserved En.
    4.77135e+02   -5.25053e+05    8.62121e+04   -4.38841e+05   -4.33981e+05
    Temperature Pres. DC (bar) Pressure (bar)   Constr. rmsd
    3.01607e+02   -2.26758e+02   -1.15462e+02    2.99072e-06

           Step           Time
          18500       37.00000

   Energies (kJ/mol)
           Bond          Angle    Proper Dih. Ryckaert-Bell.          LJ-14
    1.54853e+03    3.61820e+03    2.99647e+02    1.88752e+03    2.72509e+03
     Coulomb-14        LJ (SR)  Disper. corr.   Coulomb (SR)   Coul. recip.
    7.69516e+03    9.36414e+04   -4.55292e+03   -6.34098e+05    2.94365e+03
 Position Rest.      Potential    Kinetic En.   Total Energy  Conserved En.
    4.67847e+02   -5.23824e+05    8.57203e+04   -4.38104e+05   -4.33980e+05
    Temperature Pres. DC (bar) Pressure (bar)   Constr. rmsd
    2.99886e+02   -2.24844e+02    4.75781e+01    2.88826e-06

           Step           Time
          19000       38.00000

   Energies (kJ/mol)
           Bond          Angle    Proper Dih. Ryckaert-Bell.          LJ-14
    1.52321e+03    3.70215e+03    2.16830e+02    1.69890e+03    2.72483e+03
     Coulomb-14        LJ (SR)  Disper. corr.   Coulomb (SR)   Coul. recip.
    7.72411e+03    9.24290e+04   -4.56882e+03   -6.32949e+05    2.94656e+03
 Position Rest.      Potential    Kinetic En.   Total Energy  Conserved En.
    5.24577e+02   -5.24028e+05    8.54061e+04   -4.38622e+05   -4.33978e+05
    Temperature Pres. DC (bar) Pressure (bar)   Constr. rmsd
    2.98787e+02   -2.26415e+02   -6.73227e+01    2.75129e-06

           Step           Time
          19500       39.00000

   Energies (kJ/mol)
           Bond          Angle    Proper Dih. Ryckaert-Bell.          LJ-14
    1.33873e+03    3.63812e+03    2.45339e+02    1.80147e+03    2.75356e+03
     Coulomb-14        LJ (SR)  Disper. corr.   Coulomb (SR)   Coul. recip.
    7.75733e+03    9.38840e+04   -4.56325e+03   -6.34974e+05    2.95821e+03
 Position Rest.      Potential    Kinetic En.   Total Energy  Conserved En.
    4.93976e+02   -5.24666e+05    8.56961e+04   -4.38970e+05   -4.33959e+05
    Temperature Pres. DC (bar) Pressure (bar)   Constr. rmsd
    2.99801e+02   -2.25864e+02   -2.21891e+00    3.03915e-06

           Step           Time
          20000       40.00000

   Energies (kJ/mol)
           Bond          Angle    Proper Dih. Ryckaert-Bell.          LJ-14
    1.51710e+03    3.78907e+03    2.23036e+02    1.85752e+03    2.68925e+03
     Coulomb-14        LJ (SR)  Disper. corr.   Coulomb (SR)   Coul. recip.
    7.70645e+03    9.33187e+04   -4.55777e+03   -6.32912e+05    2.88997e+03
 Position Rest.      Potential    Kinetic En.   Total Energy  Conserved En.
    4.77934e+02   -5.23001e+05    8.58975e+04   -4.37104e+05   -4.33938e+05
    Temperature Pres. DC (bar) Pressure (bar)   Constr. rmsd
    3.00506e+02   -2.25323e+02   -4.23679e+01    2.75084e-06

           Step           Time
          20500       41.00000

   Energies (kJ/mol)
           Bond          Angle    Proper Dih. Ryckaert-Bell.          LJ-14
    1.44024e+03    3.58751e+03    2.44627e+02    1.80884e+03    2.68153e+03
     Coulomb-14        LJ (SR)  Disper. corr.   Coulomb (SR)   Coul. recip.
    7.75254e+03    9.28295e+04   -4.55132e+03   -6.33630e+05    3.06044e+03
 Position Rest.      Potential    Kinetic En.   Total Energy  Conserved En.
    4.75071e+02   -5.24301e+05    8.52702e+04   -4.39031e+05   -4.33948e+05
    Temperature Pres. DC (bar) Pressure (bar)   Constr. rmsd
    2.98311e+02   -2.24686e+02   -4.48554e+00    2.74365e-06

           Step           Time
          21000       42.00000

   Energies (kJ/mol)
           Bond          Angle    Proper Dih. Ryckaert-Bell.          LJ-14
    1.56639e+03    3.56113e+03    2.54759e+02    1.82136e+03    2.60886e+03
     Coulomb-14        LJ (SR)  Disper. corr.   Coulomb (SR)   Coul. recip.
    7.71453e+03    9.35897e+04   -4.55598e+03   -6.34228e+05    2.98768e+03
 Position Rest.      Potential    Kinetic En.   Total Energy  Conserved En.
    4.42923e+02   -5.24237e+05    8.47566e+04   -4.39480e+05   -4.33948e+05
    Temperature Pres. DC (bar) Pressure (bar)   Constr. rmsd
    2.96515e+02   -2.25146e+02   -9.98328e+01    3.14438e-06

           Step           Time
          21500       43.00000

   Energies (kJ/mol)
           Bond          Angle    Proper Dih. Ryckaert-Bell.          LJ-14
    1.48024e+03    3.69186e+03    2.56549e+02    1.88803e+03    2.67313e+03
     Coulomb-14        LJ (SR)  Disper. corr.   Coulomb (SR)   Coul. recip.
    7.67441e+03    9.35156e+04   -4.57043e+03   -6.33399e+05    2.97698e+03
 Position Rest.      Potential    Kinetic En.   Total Energy  Conserved En.
    4.75656e+02   -5.23337e+05    8.61309e+04   -4.37206e+05   -4.33952e+05
    Temperature Pres. DC (bar) Pressure (bar)   Constr. rmsd
    3.01322e+02   -2.26575e+02    4.97159e+01    3.11550e-06

           Step           Time
          22000       44.00000

   Energies (kJ/mol)
           Bond          Angle    Proper Dih. Ryckaert-Bell.          LJ-14
    1.44397e+03    3.55403e+03    2.44908e+02    1.83524e+03    2.71779e+03
     Coulomb-14        LJ (SR)  Disper. corr.   Coulomb (SR)   Coul. recip.
    7.72626e+03    9.38757e+04   -4.54996e+03   -6.34689e+05    2.94706e+03
 Position Rest.      Potential    Kinetic En.   Total Energy  Conserved En.
    4.65612e+02   -5.24428e+05    8.65277e+04   -4.37900e+05   -4.33960e+05
    Temperature Pres. DC (bar) Pressure (bar)   Constr. rmsd
    3.02711e+02   -2.24552e+02    1.16349e+02    2.84850e-06

           Step           Time
          22500       45.00000

   Energies (kJ/mol)
           Bond          Angle    Proper Dih. Ryckaert-Bell.          LJ-14
    1.28802e+03    3.66239e+03    2.48403e+02    1.96047e+03    2.65520e+03
     Coulomb-14        LJ (SR)  Disper. corr.   Coulomb (SR)   Coul. recip.
    7.60138e+03    9.27115e+04   -4.57035e+03   -6.33480e+05    2.88027e+03
 Position Rest.      Potential    Kinetic En.   Total Energy  Conserved En.
    4.60484e+02   -5.24583e+05    8.49916e+04   -4.39591e+05   -4.33935e+05
    Temperature Pres. DC (bar) Pressure (bar)   Constr. rmsd
    2.97337e+02   -2.26566e+02   -4.67604e+01    2.92813e-06

           Step           Time
          23000       46.00000

   Energies (kJ/mol)
           Bond          Angle    Proper Dih. Ryckaert-Bell.          LJ-14
    1.55377e+03    3.58919e+03    2.49540e+02    1.94908e+03    2.58985e+03
     Coulomb-14        LJ (SR)  Disper. corr.   Coulomb (SR)   Coul. recip.
    7.65775e+03    9.39265e+04   -4.57495e+03   -6.35908e+05    2.94479e+03
 Position Rest.      Potential    Kinetic En.   Total Energy  Conserved En.
    4.88440e+02   -5.25534e+05    8.52477e+04   -4.40286e+05   -4.33931e+05
    Temperature Pres. DC (bar) Pressure (bar)   Constr. rmsd
    2.98233e+02   -2.27023e+02   -9.69146e+01    2.55910e-06

           Step           Time
          23500       47.00000

   Energies (kJ/mol)
           Bond          Angle    Proper Dih. Ryckaert-Bell.          LJ-14
    1.44382e+03    3.58633e+03    2.71937e+02    1.85024e+03    2.75261e+03
     Coulomb-14        LJ (SR)  Disper. corr.   Coulomb (SR)   Coul. recip.
    7.80699e+03    9.34266e+04   -4.54866e+03   -6.34985e+05    2.97899e+03
 Position Rest.      Potential    Kinetic En.   Total Energy  Conserved En.
    4.65766e+02   -5.24950e+05    8.55986e+04   -4.39352e+05   -4.33939e+05
    Temperature Pres. DC (bar) Pressure (bar)   Constr. rmsd
    2.99460e+02   -2.24424e+02   -1.47081e+02    2.93178e-06

           Step           Time
          24000       48.00000

   Energies (kJ/mol)
           Bond          Angle    Proper Dih. Ryckaert-Bell.          LJ-14
    1.31258e+03    3.80840e+03    2.39883e+02    1.80888e+03    2.64705e+03
     Coulomb-14        LJ (SR)  Disper. corr.   Coulomb (SR)   Coul. recip.
    7.73907e+03    9.34801e+04   -4.56448e+03   -6.35836e+05    2.95640e+03
 Position Rest.      Potential    Kinetic En.   Total Energy  Conserved En.
    4.69789e+02   -5.25938e+05    8.58394e+04   -4.40098e+05   -4.33933e+05
    Temperature Pres. DC (bar) Pressure (bar)   Constr. rmsd
    3.00303e+02   -2.25986e+02   -2.06480e+01    2.79302e-06

           Step           Time
          24500       49.00000

   Energies (kJ/mol)
           Bond          Angle    Proper Dih. Ryckaert-Bell.          LJ-14
    1.47470e+03    3.67496e+03    2.48724e+02    1.80044e+03    2.60567e+03
     Coulomb-14        LJ (SR)  Disper. corr.   Coulomb (SR)   Coul. recip.
    7.70834e+03    9.46414e+04   -4.55729e+03   -6.36473e+05    2.85554e+03
 Position Rest.      Potential    Kinetic En.   Total Energy  Conserved En.
    4.69513e+02   -5.25551e+05    8.57806e+04   -4.39770e+05   -4.33929e+05
    Temperature Pres. DC (bar) Pressure (bar)   Constr. rmsd
    3.00097e+02   -2.25275e+02    5.81898e+01    2.90873e-06

           Step           Time
          25000       50.00000

   Energies (kJ/mol)
           Bond          Angle    Proper Dih. Ryckaert-Bell.          LJ-14
    1.57118e+03    3.66214e+03    2.44410e+02    1.78172e+03    2.69624e+03
     Coulomb-14        LJ (SR)  Disper. corr.   Coulomb (SR)   Coul. recip.
    7.63356e+03    9.34855e+04   -4.57255e+03   -6.35522e+05    3.01047e+03
 Position Rest.      Potential    Kinetic En.   Total Energy  Conserved En.
    4.67485e+02   -5.25541e+05    8.45184e+04   -4.41023e+05   -4.33894e+05
    Temperature Pres. DC (bar) Pressure (bar)   Constr. rmsd
    2.95681e+02   -2.26785e+02    3.71377e+01    2.77986e-06

           Step           Time
          25500       51.00000

   Energies (kJ/mol)
           Bond          Angle    Proper Dih. Ryckaert-Bell.          LJ-14
    1.47613e+03    3.93757e+03    2.61482e+02    1.80579e+03    2.64610e+03
     Coulomb-14        LJ (SR)  Disper. corr.   Coulomb (SR)   Coul. recip.
    7.63448e+03    9.36151e+04   -4.56070e+03   -6.33972e+05    2.97318e+03
 Position Rest.      Potential    Kinetic En.   Total Energy  Conserved En.
    5.06643e+02   -5.23677e+05    8.55837e+04   -4.38093e+05   -4.33918e+05
    Temperature Pres. DC (bar) Pressure (bar)   Constr. rmsd
    2.99408e+02   -2.25612e+02   -1.13562e+02    2.86965e-06

           Step           Time
          26000       52.00000

   Energies (kJ/mol)
           Bond          Angle    Proper Dih. Ryckaert-Bell.          LJ-14
    1.49828e+03    3.62365e+03    2.72244e+02    1.83170e+03    2.67602e+03
     Coulomb-14        LJ (SR)  Disper. corr.   Coulomb (SR)   Coul. recip.
    7.72798e+03    9.30008e+04   -4.56455e+03   -6.33401e+05    2.98027e+03
 Position Rest.      Potential    Kinetic En.   Total Energy  Conserved En.
    5.03007e+02   -5.23852e+05    8.63002e+04   -4.37552e+05   -4.33928e+05
    Temperature Pres. DC (bar) Pressure (bar)   Constr. rmsd
    3.01915e+02   -2.25993e+02   -2.18348e+00    3.04553e-06

           Step           Time
          26500       53.00000

   Energies (kJ/mol)
           Bond          Angle    Proper Dih. Ryckaert-Bell.          LJ-14
    1.44692e+03    3.72785e+03    2.47143e+02    1.87261e+03    2.66918e+03
     Coulomb-14        LJ (SR)  Disper. corr.   Coulomb (SR)   Coul. recip.
    7.66011e+03    9.23680e+04   -4.56114e+03   -6.33391e+05    2.96503e+03
 Position Rest.      Potential    Kinetic En.   Total Energy  Conserved En.
    4.63557e+02   -5.24532e+05    8.60734e+04   -4.38459e+05   -4.33936e+05
    Temperature Pres. DC (bar) Pressure (bar)   Constr. rmsd
    3.01121e+02   -2.25656e+02   -1.03002e+02    2.99944e-06

           Step           Time
          27000       54.00000

   Energies (kJ/mol)
           Bond          Angle    Proper Dih. Ryckaert-Bell.          LJ-14
    1.49171e+03    3.76301e+03    2.79226e+02    1.84416e+03    2.60557e+03
     Coulomb-14        LJ (SR)  Disper. corr.   Coulomb (SR)   Coul. recip.
    7.75189e+03    9.32906e+04   -4.56024e+03   -6.34963e+05    2.90187e+03
 Position Rest.      Potential    Kinetic En.   Total Energy  Conserved En.
    4.80268e+02   -5.25114e+05    8.61554e+04   -4.38959e+05   -4.33922e+05
    Temperature Pres. DC (bar) Pressure (bar)   Constr. rmsd
    3.01408e+02   -2.25566e+02   -2.00552e+02    3.00983e-06

           Step           Time
          27500       55.00000

   Energies (kJ/mol)
           Bond          Angle    Proper Dih. Ryckaert-Bell.          LJ-14
    1.47257e+03    3.91046e+03    2.33448e+02    1.79355e+03    2.68781e+03
     Coulomb-14        LJ (SR)  Disper. corr.   Coulomb (SR)   Coul. recip.
    7.74440e+03    9.34010e+04   -4.57905e+03   -6.33326e+05    3.05243e+03
 Position Rest.      Potential    Kinetic En.   Total Energy  Conserved En.
    4.44914e+02   -5.23165e+05    8.61044e+04   -4.37060e+05   -4.33916e+05
    Temperature Pres. DC (bar) Pressure (bar)   Constr. rmsd
    3.01230e+02   -2.27430e+02    1.69376e+02    2.84798e-06

           Step           Time
          28000       56.00000

   Energies (kJ/mol)
           Bond          Angle    Proper Dih. Ryckaert-Bell.          LJ-14
    1.53823e+03    3.63681e+03    2.40272e+02    1.79234e+03    2.65656e+03
     Coulomb-14        LJ (SR)  Disper. corr.   Coulomb (SR)   Coul. recip.
    7.73288e+03    9.28287e+04   -4.57284e+03   -6.33820e+05    2.91970e+03
 Position Rest.      Potential    Kinetic En.   Total Energy  Conserved En.
    5.03625e+02   -5.24544e+05    8.62234e+04   -4.38320e+05   -4.33922e+05
    Temperature Pres. DC (bar) Pressure (bar)   Constr. rmsd
    3.01646e+02   -2.26814e+02   -9.01788e+01    3.18871e-06

           Step           Time
          28500       57.00000

   Energies (kJ/mol)
           Bond          Angle    Proper Dih. Ryckaert-Bell.          LJ-14
    1.45695e+03    3.74928e+03    2.62108e+02    1.78737e+03    2.71701e+03
     Coulomb-14        LJ (SR)  Disper. corr.   Coulomb (SR)   Coul. recip.
    7.73428e+03    9.28198e+04   -4.56040e+03   -6.33690e+05    2.93558e+03
 Position Rest.      Potential    Kinetic En.   Total Energy  Conserved En.
    4.99593e+02   -5.24288e+05    8.57364e+04   -4.38552e+05   -4.33913e+05
    Temperature Pres. DC (bar) Pressure (bar)   Constr. rmsd
    2.99942e+02   -2.25583e+02   -1.11184e+02    2.82857e-06

           Step           Time
          29000       58.00000

   Energies (kJ/mol)
           Bond          Angle    Proper Dih. Ryckaert-Bell.          LJ-14
    1.50262e+03    3.68166e+03    2.65530e+02    1.87761e+03    2.68544e+03
     Coulomb-14        LJ (SR)  Disper. corr.   Coulomb (SR)   Coul. recip.
    7.75199e+03    9.22859e+04   -4.56261e+03   -6.32756e+05    3.01077e+03
 Position Rest.      Potential    Kinetic En.   Total Energy  Conserved En.
    4.79134e+02   -5.23777e+05    8.45656e+04   -4.39212e+05   -4.33888e+05
    Temperature Pres. DC (bar) Pressure (bar)   Constr. rmsd
    2.95846e+02   -2.25801e+02   -1.54136e+02    2.33704e-06

           Step           Time
          29500       59.00000

   Energies (kJ/mol)
           Bond          Angle    Proper Dih. Ryckaert-Bell.          LJ-14
    1.65472e+03    4.00281e+03    2.63907e+02    1.83137e+03    2.62709e+03
     Coulomb-14        LJ (SR)  Disper. corr.   Coulomb (SR)   Coul. recip.
    7.81132e+03    9.40446e+04   -4.55788e+03   -6.34079e+05    2.96816e+03
 Position Rest.      Potential    Kinetic En.   Total Energy  Conserved En.
    4.74663e+02   -5.22958e+05    8.60748e+04   -4.36883e+05   -4.33868e+05
    Temperature Pres. DC (bar) Pressure (bar)   Constr. rmsd
    3.01126e+02   -2.25334e+02   -4.45625e+01    2.60251e-06

           Step           Time
          30000       60.00000

   Energies (kJ/mol)
           Bond          Angle    Proper Dih. Ryckaert-Bell.          LJ-14
    1.60054e+03    3.74728e+03    2.41064e+02    1.83517e+03    2.66764e+03
     Coulomb-14        LJ (SR)  Disper. corr.   Coulomb (SR)   Coul. recip.
    7.71403e+03    9.35146e+04   -4.55331e+03   -6.34833e+05    2.94723e+03
 Position Rest.      Potential    Kinetic En.   Total Energy  Conserved En.
    4.78495e+02   -5.24640e+05    8.55388e+04   -4.39102e+05   -4.33877e+05
    Temperature Pres. DC (bar) Pressure (bar)   Constr. rmsd
    2.99251e+02   -2.24883e+02   -8.37581e+01    2.92192e-06

           Step           Time
          30500       61.00000

   Energies (kJ/mol)
           Bond          Angle    Proper Dih. Ryckaert-Bell.          LJ-14
    1.43967e+03    3.75442e+03    2.29402e+02    1.81071e+03    2.68924e+03
     Coulomb-14        LJ (SR)  Disper. corr.   Coulomb (SR)   Coul. recip.
    7.86925e+03    9.29019e+04   -4.56084e+03   -6.34405e+05    2.91664e+03
 Position Rest.      Potential    Kinetic En.   Total Energy  Conserved En.
    4.51818e+02   -5.24903e+05    8.51272e+04   -4.39776e+05   -4.33887e+05
    Temperature Pres. DC (bar) Pressure (bar)   Constr. rmsd
    2.97811e+02   -2.25626e+02   -3.47701e+01    2.63658e-06

           Step           Time
          31000       62.00000

   Energies (kJ/mol)
           Bond          Angle    Proper Dih. Ryckaert-Bell.          LJ-14
    1.50874e+03    3.70283e+03    2.41376e+02    1.89505e+03    2.61613e+03
     Coulomb-14        LJ (SR)  Disper. corr.   Coulomb (SR)   Coul. recip.
    7.71384e+03    9.30040e+04   -4.55566e+03   -6.34498e+05    2.84590e+03
 Position Rest.      Potential    Kinetic En.   Total Energy  Conserved En.
    4.92052e+02   -5.25034e+05    8.48902e+04   -4.40144e+05   -4.33873e+05
    Temperature Pres. DC (bar) Pressure (bar)   Constr. rmsd
    2.96982e+02   -2.25114e+02   -1.75899e+02    2.68563e-06

           Step           Time
          31500       63.00000

   Energies (kJ/mol)
           Bond          Angle    Proper Dih. Ryckaert-Bell.          LJ-14
    1.39270e+03    3.76684e+03    2.60756e+02    1.73046e+03    2.65812e+03
     Coulomb-14        LJ (SR)  Disper. corr.   Coulomb (SR)   Coul. recip.
    7.73716e+03    9.22493e+04   -4.55234e+03   -6.33068e+05    2.89102e+03
 Position Rest.      Potential    Kinetic En.   Total Energy  Conserved En.
    4.83626e+02   -5.24450e+05    8.55220e+04   -4.38928e+05   -4.33902e+05
    Temperature Pres. DC (bar) Pressure (bar)   Constr. rmsd
    2.99192e+02   -2.24787e+02   -1.36367e+02    2.86476e-06

           Step           Time
          32000       64.00000

   Energies (kJ/mol)
           Bond          Angle    Proper Dih. Ryckaert-Bell.          LJ-14
    1.44051e+03    3.71726e+03    2.64452e+02    1.85576e+03    2.69610e+03
     Coulomb-14        LJ (SR)  Disper. corr.   Coulomb (SR)   Coul. recip.
    7.75141e+03    9.22962e+04   -4.54443e+03   -6.33236e+05    2.93630e+03
 Position Rest.      Potential    Kinetic En.   Total Energy  Conserved En.
    4.96676e+02   -5.24326e+05    8.64662e+04   -4.37860e+05   -4.33885e+05
    Temperature Pres. DC (bar) Pressure (bar)   Constr. rmsd
    3.02495e+02   -2.24007e+02   -2.02705e+02    3.35238e-06

           Step           Time
          32500       65.00000

   Energies (kJ/mol)
           Bond          Angle    Proper Dih. Ryckaert-Bell.          LJ-14
    1.52749e+03    3.95684e+03    2.67665e+02    1.78829e+03    2.68322e+03
     Coulomb-14        LJ (SR)  Disper. corr.   Coulomb (SR)   Coul. recip.
    7.73133e+03    9.35781e+04   -4.57106e+03   -6.34901e+05    2.85714e+03
 Position Rest.      Potential    Kinetic En.   Total Energy  Conserved En.
    4.60259e+02   -5.24622e+05    8.64049e+04   -4.38217e+05   -4.33876e+05
    Temperature Pres. DC (bar) Pressure (bar)   Constr. rmsd
    3.02281e+02   -2.26637e+02   -1.69180e+01    2.84760e-06

           Step           Time
          33000       66.00000

   Energies (kJ/mol)
           Bond          Angle    Proper Dih. Ryckaert-Bell.          LJ-14
    1.34635e+03    3.89251e+03    2.42697e+02    1.84987e+03    2.74496e+03
     Coulomb-14        LJ (SR)  Disper. corr.   Coulomb (SR)   Coul. recip.
    7.80617e+03    9.32177e+04   -4.57525e+03   -6.33625e+05    2.94153e+03
 Position Rest.      Potential    Kinetic En.   Total Energy  Conserved En.
    4.86272e+02   -5.23672e+05    8.59890e+04   -4.37683e+05   -4.33859e+05
    Temperature Pres. DC (bar) Pressure (bar)   Constr. rmsd
    3.00826e+02   -2.27052e+02    8.07936e+01    3.18600e-06

           Step           Time
          33500       67.00000

   Energies (kJ/mol)
           Bond          Angle    Proper Dih. Ryckaert-Bell.          LJ-14
    1.46763e+03    3.82643e+03    2.45313e+02    1.78402e+03    2.71733e+03
     Coulomb-14        LJ (SR)  Disper. corr.   Coulomb (SR)   Coul. recip.
    7.80593e+03    9.21172e+04   -4.54780e+03   -6.33071e+05    2.92210e+03
 Position Rest.      Potential    Kinetic En.   Total Energy  Conserved En.
    4.60467e+02   -5.24273e+05    8.66420e+04   -4.37631e+05   -4.33884e+05
    Temperature Pres. DC (bar) Pressure (bar)   Constr. rmsd
    3.03111e+02   -2.24339e+02   -2.89961e+02    3.07789e-06

           Step           Time
          34000       68.00000

   Energies (kJ/mol)
           Bond          Angle    Proper Dih. Ryckaert-Bell.          LJ-14
    1.40820e+03    3.83720e+03    2.48213e+02    1.83284e+03    2.72625e+03
     Coulomb-14        LJ (SR)  Disper. corr.   Coulomb (SR)   Coul. recip.
    7.85640e+03    9.34551e+04   -4.56756e+03   -6.33553e+05    3.09195e+03
 Position Rest.      Potential    Kinetic En.   Total Energy  Conserved En.
    4.95923e+02   -5.23169e+05    8.56538e+04   -4.37515e+05   -4.33850e+05
    Temperature Pres. DC (bar) Pressure (bar)   Constr. rmsd
    2.99654e+02   -2.26290e+02    1.60774e+02    2.94064e-06

           Step           Time
          34500       69.00000

   Energies (kJ/mol)
           Bond          Angle    Proper Dih. Ryckaert-Bell.          LJ-14
    1.49282e+03    3.51611e+03    2.47859e+02    1.82331e+03    2.67950e+03
     Coulomb-14        LJ (SR)  Disper. corr.   Coulomb (SR)   Coul. recip.
    7.74030e+03    9.26677e+04   -4.55845e+03   -6.33372e+05    2.94215e+03
 Position Rest.      Potential    Kinetic En.   Total Energy  Conserved En.
    4.67921e+02   -5.24353e+05    8.55192e+04   -4.38834e+05   -4.33875e+05
    Temperature Pres. DC (bar) Pressure (bar)   Constr. rmsd
    2.99182e+02   -2.25390e+02   -1.90695e+02    2.94173e-06

           Step           Time
          35000       70.00000

   Energies (kJ/mol)
           Bond          Angle    Proper Dih. Ryckaert-Bell.          LJ-14
    1.48618e+03    3.71730e+03    2.12999e+02    1.85148e+03    2.73271e+03
     Coulomb-14        LJ (SR)  Disper. corr.   Coulomb (SR)   Coul. recip.
    7.78552e+03    9.15138e+04   -4.55195e+03   -6.30892e+05    2.95244e+03
 Position Rest.      Potential    Kinetic En.   Total Energy  Conserved En.
    4.97919e+02   -5.22694e+05    8.58348e+04   -4.36859e+05   -4.33866e+05
    Temperature Pres. DC (bar) Pressure (bar)   Constr. rmsd
    3.00287e+02   -2.24749e+02   -2.08102e+02    3.19632e-06

           Step           Time
          35500       71.00000

   Energies (kJ/mol)
           Bond          Angle    Proper Dih. Ryckaert-Bell.          LJ-14
    1.49621e+03    3.75382e+03    2.18576e+02    1.79200e+03    2.63459e+03
     Coulomb-14        LJ (SR)  Disper. corr.   Coulomb (SR)   Coul. recip.
    7.75625e+03    9.12127e+04   -4.57006e+03   -6.30887e+05    2.96308e+03
 Position Rest.      Potential    Kinetic En.   Total Energy  Conserved En.
    4.64778e+02   -5.23165e+05    8.55823e+04   -4.37583e+05   -4.33862e+05
    Temperature Pres. DC (bar) Pressure (bar)   Constr. rmsd
    2.99403e+02   -2.26538e+02   -3.13576e+02    3.18909e-06

           Step           Time
          36000       72.00000

   Energies (kJ/mol)
           Bond          Angle    Proper Dih. Ryckaert-Bell.          LJ-14
    1.39383e+03    3.65059e+03    2.37777e+02    1.74922e+03    2.80617e+03
     Coulomb-14        LJ (SR)  Disper. corr.   Coulomb (SR)   Coul. recip.
    7.78008e+03    9.35434e+04   -4.57931e+03   -6.34294e+05    2.92219e+03
 Position Rest.      Potential    Kinetic En.   Total Energy  Conserved En.
    4.55764e+02   -5.24335e+05    8.53169e+04   -4.39018e+05   -4.33852e+05
    Temperature Pres. DC (bar) Pressure (bar)   Constr. rmsd
    2.98475e+02   -2.27455e+02    1.87962e+02    2.85237e-06

           Step           Time
          36500       73.00000

Writing checkpoint, step 36500 at Sun Sep 24 20:16:57 2023


   Energies (kJ/mol)
           Bond          Angle    Proper Dih. Ryckaert-Bell.          LJ-14
    1.52268e+03    3.71964e+03    2.40725e+02    1.83355e+03    2.63809e+03
     Coulomb-14        LJ (SR)  Disper. corr.   Coulomb (SR)   Coul. recip.
    7.76786e+03    9.41229e+04   -4.58676e+03   -6.35741e+05    2.95736e+03
 Position Rest.      Potential    Kinetic En.   Total Energy  Conserved En.
    4.72778e+02   -5.25053e+05    8.61003e+04   -4.38952e+05   -4.33851e+05
    Temperature Pres. DC (bar) Pressure (bar)   Constr. rmsd
    3.01216e+02   -2.28195e+02    6.96771e+01    2.66672e-06

           Step           Time
          37000       74.00000

   Energies (kJ/mol)
           Bond          Angle    Proper Dih. Ryckaert-Bell.          LJ-14
    1.53029e+03    3.78652e+03    2.60730e+02    1.89399e+03    2.58947e+03
     Coulomb-14        LJ (SR)  Disper. corr.   Coulomb (SR)   Coul. recip.
    7.71984e+03    9.35310e+04   -4.55337e+03   -6.33661e+05    2.93138e+03
 Position Rest.      Potential    Kinetic En.   Total Energy  Conserved En.
    4.92841e+02   -5.23479e+05    8.57300e+04   -4.37749e+05   -4.33825e+05
    Temperature Pres. DC (bar) Pressure (bar)   Constr. rmsd
    2.99920e+02   -2.24889e+02   -9.38995e+01    2.83317e-06

           Step           Time
          37500       75.00000

   Energies (kJ/mol)
           Bond          Angle    Proper Dih. Ryckaert-Bell.          LJ-14
    1.41420e+03    3.65529e+03    2.68924e+02    1.77082e+03    2.71206e+03
     Coulomb-14        LJ (SR)  Disper. corr.   Coulomb (SR)   Coul. recip.
    7.69206e+03    9.33083e+04   -4.54368e+03   -6.34795e+05    3.03018e+03
 Position Rest.      Potential    Kinetic En.   Total Energy  Conserved En.
    4.93118e+02   -5.24994e+05    8.52662e+04   -4.39728e+05   -4.33834e+05
    Temperature Pres. DC (bar) Pressure (bar)   Constr. rmsd
    2.98298e+02   -2.23933e+02   -1.69463e+02    2.74240e-06

           Step           Time
          38000       76.00000

   Energies (kJ/mol)
           Bond          Angle    Proper Dih. Ryckaert-Bell.          LJ-14
    1.48102e+03    3.68795e+03    2.70936e+02    1.69542e+03    2.70982e+03
     Coulomb-14        LJ (SR)  Disper. corr.   Coulomb (SR)   Coul. recip.
    7.77952e+03    9.36227e+04   -4.57433e+03   -6.35258e+05    2.95162e+03
 Position Rest.      Potential    Kinetic En.   Total Energy  Conserved En.
    5.11427e+02   -5.25122e+05    8.54832e+04   -4.39639e+05   -4.33822e+05
    Temperature Pres. DC (bar) Pressure (bar)   Constr. rmsd
    2.99057e+02   -2.26961e+02   -7.57313e+01    2.94644e-06

           Step           Time
          38500       77.00000

   Energies (kJ/mol)
           Bond          Angle    Proper Dih. Ryckaert-Bell.          LJ-14
    1.47442e+03    3.77915e+03    2.39053e+02    1.85559e+03    2.74336e+03
     Coulomb-14        LJ (SR)  Disper. corr.   Coulomb (SR)   Coul. recip.
    7.71787e+03    9.27835e+04   -4.57490e+03   -6.32473e+05    2.91371e+03
 Position Rest.      Potential    Kinetic En.   Total Energy  Conserved En.
    4.61693e+02   -5.23079e+05    8.56333e+04   -4.37446e+05   -4.33813e+05
    Temperature Pres. DC (bar) Pressure (bar)   Constr. rmsd
    2.99582e+02   -2.27017e+02    1.03219e+02    3.02610e-06

           Step           Time
          39000       78.00000

   Energies (kJ/mol)
           Bond          Angle    Proper Dih. Ryckaert-Bell.          LJ-14
    1.46444e+03    3.80963e+03    2.96456e+02    1.82965e+03    2.67045e+03
     Coulomb-14        LJ (SR)  Disper. corr.   Coulomb (SR)   Coul. recip.
    7.69562e+03    9.36661e+04   -4.58198e+03   -6.34551e+05    2.99708e+03
 Position Rest.      Potential    Kinetic En.   Total Energy  Conserved En.
    4.85951e+02   -5.24218e+05    8.64962e+04   -4.37721e+05   -4.33823e+05
    Temperature Pres. DC (bar) Pressure (bar)   Constr. rmsd
    3.02601e+02   -2.27720e+02    1.44403e+02    2.98766e-06

           Step           Time
          39500       79.00000

   Energies (kJ/mol)
           Bond          Angle    Proper Dih. Ryckaert-Bell.          LJ-14
    1.54615e+03    3.60547e+03    2.37286e+02    1.85391e+03    2.66296e+03
     Coulomb-14        LJ (SR)  Disper. corr.   Coulomb (SR)   Coul. recip.
    7.69350e+03    9.34534e+04   -4.55903e+03   -6.34451e+05    2.92808e+03
 Position Rest.      Potential    Kinetic En.   Total Energy  Conserved En.
    5.10052e+02   -5.24519e+05    8.47720e+04   -4.39747e+05   -4.33785e+05
    Temperature Pres. DC (bar) Pressure (bar)   Constr. rmsd
    2.96569e+02   -2.25447e+02   -1.52368e+02    2.60258e-06

           Step           Time
          40000       80.00000

   Energies (kJ/mol)
           Bond          Angle    Proper Dih. Ryckaert-Bell.          LJ-14
    1.45762e+03    3.74999e+03    2.53587e+02    1.87105e+03    2.67431e+03
     Coulomb-14        LJ (SR)  Disper. corr.   Coulomb (SR)   Coul. recip.
    7.72643e+03    9.26175e+04   -4.56256e+03   -6.32558e+05    2.99790e+03
 Position Rest.      Potential    Kinetic En.   Total Energy  Conserved En.
    4.86816e+02   -5.23285e+05    8.63617e+04   -4.36924e+05   -4.33808e+05
    Temperature Pres. DC (bar) Pressure (bar)   Constr. rmsd
    3.02130e+02   -2.25796e+02   -1.29926e+02    2.84415e-06

           Step           Time
          40500       81.00000

   Energies (kJ/mol)
           Bond          Angle    Proper Dih. Ryckaert-Bell.          LJ-14
    1.47139e+03    3.77218e+03    2.90235e+02    1.87658e+03    2.70250e+03
     Coulomb-14        LJ (SR)  Disper. corr.   Coulomb (SR)   Coul. recip.
    7.74536e+03    9.37857e+04   -4.55821e+03   -6.35692e+05    2.89881e+03
 Position Rest.      Potential    Kinetic En.   Total Energy  Conserved En.
    5.04646e+02   -5.25203e+05    8.61628e+04   -4.39040e+05   -4.33813e+05
    Temperature Pres. DC (bar) Pressure (bar)   Constr. rmsd
    3.01434e+02   -2.25367e+02   -4.19104e+01    2.83531e-06

           Step           Time
          41000       82.00000

   Energies (kJ/mol)
           Bond          Angle    Proper Dih. Ryckaert-Bell.          LJ-14
    1.55027e+03    3.56214e+03    2.27208e+02    1.76023e+03    2.71646e+03
     Coulomb-14        LJ (SR)  Disper. corr.   Coulomb (SR)   Coul. recip.
    7.72231e+03    9.37163e+04   -4.53593e+03   -6.34298e+05    3.03025e+03
 Position Rest.      Potential    Kinetic En.   Total Energy  Conserved En.
    4.57421e+02   -5.24091e+05    8.59597e+04   -4.38132e+05   -4.33814e+05
    Temperature Pres. DC (bar) Pressure (bar)   Constr. rmsd
    3.00724e+02   -2.23171e+02    2.88716e+00    2.84624e-06

           Step           Time
          41500       83.00000

   Energies (kJ/mol)
           Bond          Angle    Proper Dih. Ryckaert-Bell.          LJ-14
    1.47529e+03    3.80928e+03    2.61396e+02    1.94180e+03    2.63985e+03
     Coulomb-14        LJ (SR)  Disper. corr.   Coulomb (SR)   Coul. recip.
    7.74159e+03    9.45762e+04   -4.56958e+03   -6.35343e+05    2.98696e+03
 Position Rest.      Potential    Kinetic En.   Total Energy  Conserved En.
    4.65698e+02   -5.24015e+05    8.70628e+04   -4.36952e+05   -4.33810e+05
    Temperature Pres. DC (bar) Pressure (bar)   Constr. rmsd
    3.04583e+02   -2.26491e+02    2.95879e+01    3.05502e-06

           Step           Time
          42000       84.00000

   Energies (kJ/mol)
           Bond          Angle    Proper Dih. Ryckaert-Bell.          LJ-14
    1.46317e+03    3.71898e+03    2.19506e+02    1.79334e+03    2.64080e+03
     Coulomb-14        LJ (SR)  Disper. corr.   Coulomb (SR)   Coul. recip.
    7.89139e+03    9.36521e+04   -4.56469e+03   -6.34947e+05    2.92388e+03
 Position Rest.      Potential    Kinetic En.   Total Energy  Conserved En.
    5.05616e+02   -5.24703e+05    8.53392e+04   -4.39364e+05   -4.33782e+05
    Temperature Pres. DC (bar) Pressure (bar)   Constr. rmsd
    2.98553e+02   -2.26007e+02   -4.14926e+01    2.85358e-06

           Step           Time
          42500       85.00000

   Energies (kJ/mol)
           Bond          Angle    Proper Dih. Ryckaert-Bell.          LJ-14
    1.46877e+03    3.72363e+03    2.56291e+02    1.90247e+03    2.68506e+03
     Coulomb-14        LJ (SR)  Disper. corr.   Coulomb (SR)   Coul. recip.
    7.68074e+03    9.33311e+04   -4.58545e+03   -6.34546e+05    2.86749e+03
 Position Rest.      Potential    Kinetic En.   Total Energy  Conserved En.
    4.79073e+02   -5.24737e+05    8.59568e+04   -4.38780e+05   -4.33789e+05
    Temperature Pres. DC (bar) Pressure (bar)   Constr. rmsd
    3.00713e+02   -2.28064e+02    9.70900e+00    3.06025e-06

           Step           Time
          43000       86.00000

   Energies (kJ/mol)
           Bond          Angle    Proper Dih. Ryckaert-Bell.          LJ-14
    1.51144e+03    3.66782e+03    2.53709e+02    1.84173e+03    2.75170e+03
     Coulomb-14        LJ (SR)  Disper. corr.   Coulomb (SR)   Coul. recip.
    7.82496e+03    9.19862e+04   -4.55376e+03   -6.31916e+05    2.94766e+03
 Position Rest.      Potential    Kinetic En.   Total Energy  Conserved En.
    4.58233e+02   -5.23227e+05    8.58016e+04   -4.37425e+05   -4.33784e+05
    Temperature Pres. DC (bar) Pressure (bar)   Constr. rmsd
    3.00171e+02   -2.24927e+02   -1.33956e+02    2.73474e-06

           Step           Time
          43500       87.00000

   Energies (kJ/mol)
           Bond          Angle    Proper Dih. Ryckaert-Bell.          LJ-14
    1.46505e+03    3.77306e+03    2.58341e+02    1.84864e+03    2.77397e+03
     Coulomb-14        LJ (SR)  Disper. corr.   Coulomb (SR)   Coul. recip.
    7.82257e+03    9.31648e+04   -4.57018e+03   -6.34447e+05    2.83013e+03
 Position Rest.      Potential    Kinetic En.   Total Energy  Conserved En.
    4.68521e+02   -5.24612e+05    8.58503e+04   -4.38762e+05   -4.33778e+05
    Temperature Pres. DC (bar) Pressure (bar)   Constr. rmsd
    3.00341e+02   -2.26550e+02    2.83859e+01    2.83791e-06

           Step           Time
          44000       88.00000

   Energies (kJ/mol)
           Bond          Angle    Proper Dih. Ryckaert-Bell.          LJ-14
    1.43642e+03    3.72380e+03    2.42504e+02    1.84865e+03    2.69814e+03
     Coulomb-14        LJ (SR)  Disper. corr.   Coulomb (SR)   Coul. recip.
    7.74125e+03    9.32001e+04   -4.56881e+03   -6.34317e+05    2.88920e+03
 Position Rest.      Potential    Kinetic En.   Total Energy  Conserved En.
    4.47197e+02   -5.24658e+05    8.57264e+04   -4.38932e+05   -4.33789e+05
    Temperature Pres. DC (bar) Pressure (bar)   Constr. rmsd
    2.99907e+02   -2.26414e+02   -8.60832e+00    2.73273e-06

           Step           Time
          44500       89.00000

   Energies (kJ/mol)
           Bond          Angle    Proper Dih. Ryckaert-Bell.          LJ-14
    1.52483e+03    3.68023e+03    2.49643e+02    1.88110e+03    2.70990e+03
     Coulomb-14        LJ (SR)  Disper. corr.   Coulomb (SR)   Coul. recip.
    7.76355e+03    9.32069e+04   -4.54763e+03   -6.33612e+05    2.96902e+03
 Position Rest.      Potential    Kinetic En.   Total Energy  Conserved En.
    4.97395e+02   -5.23677e+05    8.59493e+04   -4.37728e+05   -4.33769e+05
    Temperature Pres. DC (bar) Pressure (bar)   Constr. rmsd
    3.00687e+02   -2.24323e+02   -1.04233e+02    2.60103e-06

           Step           Time
          45000       90.00000

   Energies (kJ/mol)
           Bond          Angle    Proper Dih. Ryckaert-Bell.          LJ-14
    1.41289e+03    3.70200e+03    2.45930e+02    1.90008e+03    2.59152e+03
     Coulomb-14        LJ (SR)  Disper. corr.   Coulomb (SR)   Coul. recip.
    7.77052e+03    9.22309e+04   -4.55677e+03   -6.32324e+05    2.93781e+03
 Position Rest.      Potential    Kinetic En.   Total Energy  Conserved En.
    4.97066e+02   -5.23592e+05    8.56712e+04   -4.37921e+05   -4.33774e+05
    Temperature Pres. DC (bar) Pressure (bar)   Constr. rmsd
    2.99714e+02   -2.25224e+02   -2.66837e+02    2.91400e-06

           Step           Time
          45500       91.00000

   Energies (kJ/mol)
           Bond          Angle    Proper Dih. Ryckaert-Bell.          LJ-14
    1.37285e+03    3.70117e+03    2.04402e+02    1.86040e+03    2.65327e+03
     Coulomb-14        LJ (SR)  Disper. corr.   Coulomb (SR)   Coul. recip.
    7.73984e+03    9.42591e+04   -4.56761e+03   -6.36261e+05    2.87829e+03
 Position Rest.      Potential    Kinetic En.   Total Energy  Conserved En.
    4.90975e+02   -5.25669e+05    8.62201e+04   -4.39449e+05   -4.33784e+05
    Temperature Pres. DC (bar) Pressure (bar)   Constr. rmsd
    3.01635e+02   -2.26296e+02    2.52145e+01    2.92014e-06

           Step           Time
          46000       92.00000

   Energies (kJ/mol)
           Bond          Angle    Proper Dih. Ryckaert-Bell.          LJ-14
    1.51843e+03    3.76808e+03    2.88259e+02    1.86172e+03    2.58065e+03
     Coulomb-14        LJ (SR)  Disper. corr.   Coulomb (SR)   Coul. recip.
    7.70429e+03    9.47643e+04   -4.55319e+03   -6.36045e+05    2.91157e+03
 Position Rest.      Potential    Kinetic En.   Total Energy  Conserved En.
    4.73718e+02   -5.24728e+05    8.63376e+04   -4.38390e+05   -4.33772e+05
    Temperature Pres. DC (bar) Pressure (bar)   Constr. rmsd
    3.02046e+02   -2.24870e+02    6.24736e+01    2.96893e-06

           Step           Time
          46500       93.00000

   Energies (kJ/mol)
           Bond          Angle    Proper Dih. Ryckaert-Bell.          LJ-14
    1.52981e+03    3.71273e+03    2.50010e+02    1.90256e+03    2.59811e+03
     Coulomb-14        LJ (SR)  Disper. corr.   Coulomb (SR)   Coul. recip.
    7.74684e+03    9.35928e+04   -4.56740e+03   -6.34777e+05    2.96714e+03
 Position Rest.      Potential    Kinetic En.   Total Energy  Conserved En.
    4.53063e+02   -5.24591e+05    8.61812e+04   -4.38410e+05   -4.33764e+05
    Temperature Pres. DC (bar) Pressure (bar)   Constr. rmsd
    3.01498e+02   -2.26275e+02    3.34922e+01    3.46657e-06

           Step           Time
          47000       94.00000

   Energies (kJ/mol)
           Bond          Angle    Proper Dih. Ryckaert-Bell.          LJ-14
    1.49686e+03    3.89425e+03    2.84262e+02    1.84069e+03    2.61912e+03
     Coulomb-14        LJ (SR)  Disper. corr.   Coulomb (SR)   Coul. recip.
    7.69560e+03    9.30299e+04   -4.57190e+03   -6.34267e+05    2.90527e+03
 Position Rest.      Potential    Kinetic En.   Total Energy  Conserved En.
    5.37946e+02   -5.24535e+05    8.61348e+04   -4.38400e+05   -4.33759e+05
    Temperature Pres. DC (bar) Pressure (bar)   Constr. rmsd
    3.01336e+02   -2.26721e+02   -7.37697e+01    3.01033e-06

           Step           Time
          47500       95.00000

   Energies (kJ/mol)
           Bond          Angle    Proper Dih. Ryckaert-Bell.          LJ-14
    1.43044e+03    3.80996e+03    2.90909e+02    1.88299e+03    2.70333e+03
     Coulomb-14        LJ (SR)  Disper. corr.   Coulomb (SR)   Coul. recip.
    7.82092e+03    9.33757e+04   -4.54006e+03   -6.34358e+05    2.94126e+03
 Position Rest.      Potential    Kinetic En.   Total Energy  Conserved En.
    4.98280e+02   -5.24144e+05    8.76576e+04   -4.36486e+05   -4.33770e+05
    Temperature Pres. DC (bar) Pressure (bar)   Constr. rmsd
    3.06663e+02   -2.23577e+02   -1.20510e+02    2.84449e-06

           Step           Time
          48000       96.00000

   Energies (kJ/mol)
           Bond          Angle    Proper Dih. Ryckaert-Bell.          LJ-14
    1.47983e+03    3.81078e+03    2.49495e+02    1.80458e+03    2.70269e+03
     Coulomb-14        LJ (SR)  Disper. corr.   Coulomb (SR)   Coul. recip.
    7.73903e+03    9.31518e+04   -4.56964e+03   -6.34458e+05    2.84060e+03
 Position Rest.      Potential    Kinetic En.   Total Energy  Conserved En.
    4.87039e+02   -5.24761e+05    8.58554e+04   -4.38906e+05   -4.33737e+05
    Temperature Pres. DC (bar) Pressure (bar)   Constr. rmsd
    3.00359e+02   -2.26497e+02   -2.01579e+02    3.52478e-06

           Step           Time
          48500       97.00000

   Energies (kJ/mol)
           Bond          Angle    Proper Dih. Ryckaert-Bell.          LJ-14
    1.49061e+03    3.93411e+03    2.45259e+02    1.79222e+03    2.66376e+03
     Coulomb-14        LJ (SR)  Disper. corr.   Coulomb (SR)   Coul. recip.
    7.63183e+03    9.31097e+04   -4.56039e+03   -6.34619e+05    2.96750e+03
 Position Rest.      Potential    Kinetic En.   Total Energy  Conserved En.
    4.66881e+02   -5.24877e+05    8.67851e+04   -4.38092e+05   -4.33730e+05
    Temperature Pres. DC (bar) Pressure (bar)   Constr. rmsd
    3.03611e+02   -2.25582e+02    4.23500e-01    2.99532e-06

           Step           Time
          49000       98.00000

   Energies (kJ/mol)
           Bond          Angle    Proper Dih. Ryckaert-Bell.          LJ-14
    1.44711e+03    3.71393e+03    2.52703e+02    1.80486e+03    2.69076e+03
     Coulomb-14        LJ (SR)  Disper. corr.   Coulomb (SR)   Coul. recip.
    7.84357e+03    9.35541e+04   -4.56543e+03   -6.34274e+05    2.97917e+03
 Position Rest.      Potential    Kinetic En.   Total Energy  Conserved En.
    4.69812e+02   -5.24083e+05    8.51935e+04   -4.38890e+05   -4.33732e+05
    Temperature Pres. DC (bar) Pressure (bar)   Constr. rmsd
    2.98043e+02   -2.26080e+02   -6.26106e+00    3.09634e-06

           Step           Time
          49500       99.00000

   Energies (kJ/mol)
           Bond          Angle    Proper Dih. Ryckaert-Bell.          LJ-14
    1.44159e+03    3.52613e+03    2.50159e+02    1.77734e+03    2.66145e+03
     Coulomb-14        LJ (SR)  Disper. corr.   Coulomb (SR)   Coul. recip.
    7.72778e+03    9.44210e+04   -4.55371e+03   -6.36213e+05    2.91256e+03
 Position Rest.      Potential    Kinetic En.   Total Energy  Conserved En.
    5.21947e+02   -5.25527e+05    8.56370e+04   -4.39890e+05   -4.33751e+05
    Temperature Pres. DC (bar) Pressure (bar)   Constr. rmsd
    2.99594e+02   -2.24922e+02    1.87787e+02    2.89023e-06

           Step           Time
          50000      100.00000

Writing checkpoint, step 50000 at Sun Sep 24 20:22:30 2023


   Energies (kJ/mol)
           Bond          Angle    Proper Dih. Ryckaert-Bell.          LJ-14
    1.59876e+03    3.79086e+03    2.13421e+02    1.81469e+03    2.59347e+03
     Coulomb-14        LJ (SR)  Disper. corr.   Coulomb (SR)   Coul. recip.
    7.80329e+03    9.29615e+04   -4.55328e+03   -6.33507e+05    2.91940e+03
 Position Rest.      Potential    Kinetic En.   Total Energy  Conserved En.
    4.52307e+02   -5.23912e+05    8.52512e+04   -4.38661e+05   -4.33728e+05
    Temperature Pres. DC (bar) Pressure (bar)   Constr. rmsd
    2.98245e+02   -2.24880e+02   -3.14865e+02    2.58728e-06


Energy conservation over simulation part #1 of length 100 ps, time 0 to 100 ps
  Conserved energy drift: 1.35e-04 kJ/mol/ps per atom


	<======  ###############  ==>
	<====  A V E R A G E S  ====>
	<==  ###############  ======>

	Statistics over 50001 steps using 501 frames

   Energies (kJ/mol)
           Bond          Angle    Proper Dih. Ryckaert-Bell.          LJ-14
    1.45486e+03    3.72476e+03    2.48641e+02    1.83709e+03    2.67903e+03
     Coulomb-14        LJ (SR)  Disper. corr.   Coulomb (SR)   Coul. recip.
    7.74265e+03    9.34305e+04   -4.56257e+03   -6.34283e+05    2.93676e+03
 Position Rest.      Potential    Kinetic En.   Total Energy  Conserved En.
    4.76970e+02   -5.24314e+05    8.57739e+04   -4.38540e+05   -4.33934e+05
    Temperature Pres. DC (bar) Pressure (bar)   Constr. rmsd
    3.00074e+02   -2.25799e+02    6.51033e-01    0.00000e+00

          Box-X          Box-Y          Box-Z
    6.95162e+00    6.95162e+00    6.95162e+00

   Total Virial (kJ/mol)
    2.85740e+04   -1.58895e+02   -1.75264e+02
   -1.58895e+02    2.85237e+04    9.81189e+01
   -1.75388e+02    9.81790e+01    2.86616e+04

   Pressure (bar)
    1.91666e+00    1.66248e+01    1.92277e+01
    1.66247e+01    7.07201e+00   -1.13945e+01
    1.92399e+01   -1.14005e+01   -7.03557e+00

      T-Protein  T-non-Protein
    3.00599e+02    3.00033e+02


	M E G A - F L O P S   A C C O U N T I N G

 NB=Group-cutoff nonbonded kernels    NxN=N-by-N cluster Verlet kernels
 RF=Reaction-Field  VdW=Van der Waals  QSTab=quadratic-spline table
 W3=SPC/TIP3p  W4=TIP4p (single or pairs)
 V&F=Potential and force  V=Potential only  F=Force only

 Computing:                               M-Number         M-Flops  % Flops
-----------------------------------------------------------------------------
 Pair Search distance check           14961.232384      134651.091     0.2
 NxN Ewald Elec. + LJ [F]            523891.882256    34576864.229    51.9
 NxN Ewald Elec. + LJ [V&F]            5302.015824      567315.693     0.9
 NxN Ewald Elec. [F]                 466516.466480    28457504.455    42.7
 NxN Ewald Elec. [V&F]                 4721.426192      396599.800     0.6
 1,4 nonbonded interactions             255.305106       22977.460     0.0
 Calc Weights                          5081.501628      182934.059     0.3
 Spread Q Bspline                    108405.368064      216810.736     0.3
 Gather F Bspline                    108405.368064      650432.208     1.0
 3D-FFT                              139519.590336     1116156.723     1.7
 Solve PME                               96.801936        6195.324     0.0
 Reset In Box                            33.876000         101.628     0.0
 CG-CoM                                  33.909876         101.730     0.0
 Bonds                                   51.251025        3023.810     0.0
 Angles                                 177.353547       29795.396     0.0
 Propers                                 21.300426        4877.798     0.0
 RB-Dihedrals                           197.503950       48783.476     0.1
 Pos. Restr.                             50.051001        2502.550     0.0
 Virial                                 169.638921        3053.501     0.0
 Stop-CM                                 16.971876         169.719     0.0
 Calc-Ekin                              338.827752        9148.349     0.0
 Lincs                                   47.950959        2877.058     0.0
 Lincs-Mat                              238.804776         955.219     0.0
 Constraint-V                          1691.333826       15222.004     0.0
 Constraint-Vir                         164.367867        3944.829     0.0
 Settle                                 531.810636      196769.935     0.3
-----------------------------------------------------------------------------
 Total                                                66649768.779   100.0
-----------------------------------------------------------------------------


    D O M A I N   D E C O M P O S I T I O N   S T A T I S T I C S

 av. #atoms communicated per step for force:  2 x 0.0


     R E A L   C Y C L E   A N D   T I M E   A C C O U N T I N G

On 1 MPI rank

 Computing:          Num   Num      Call    Wall time         Giga-Cycles
                     Ranks Threads  Count      (s)         total sum    %
-----------------------------------------------------------------------------
 Domain decomp.         1    1       1000       7.373         21.331   0.6
 Neighbor search        1    1       1001      49.845        144.208   4.0
 Force                  1    1      50001     838.056       2424.632  67.9
 PME mesh               1    1      50001     283.133        819.148  22.9
 NB X/F buffer ops.     1    1      99001       9.604         27.786   0.8
 Write traj.            1    1        101       1.100          3.181   0.1
 Update                 1    1      50001      10.601         30.670   0.9
 Constraints            1    1      50001      30.226         87.449   2.4
 Rest                                           4.630         13.396   0.4
-----------------------------------------------------------------------------
 Total                                       1234.567       3571.802 100.0
-----------------------------------------------------------------------------
 Breakdown of PME mesh computation
-----------------------------------------------------------------------------
 PME spread             1    1      50001      89.034        257.589   7.2
 PME gather             1    1      50001     128.005        370.340  10.4
 PME 3D-FFT             1    1     100002      59.554        172.300   4.8
 PME solve Elec         1    1      50001       6.248         18.077   0.5
-----------------------------------------------------------------------------

               Core t (s)   Wall t (s)        (%)
       Time:     1234.567     1234.567      100.0
                 (ns/day)    (hour/ns)
Performance:        6.999        3.429
Finished mdrun on rank 0 Sun Sep 24 20:22:30 2023

