Electrostatic potential parameters

Grid information (see 1_default_grid.dat in Angstrom)
    Number of grid points:            525

Quantum electrostatic potential (see 1_default_grid_esp.dat)

Constraints
    Charge constraints
        Total charge of   0.81571976 on the set   2
        Total charge of  -0.60832744 on the set   3
        Total charge of  -0.66450165 on the set   4
        Total charge of   0.45395164 on the set   8
    Equality constraints
        Equal charges on atoms
                                  5   6   7

Restraint
    Hyperbolic restraint to a charge of zero
    Hydrogen atoms are not restrained
    resp_a:                           0.0010
    resp_b:                           0.1000

Fit

Electrostatic Potential Charges
   Center  Symbol       ESP      RESP
      1    C      -0.29798315 -0.28199136
      2    C       0.81571976  0.81571976
      3    O      -0.60832744 -0.60832744
      4    O      -0.66450165 -0.66450165
      5    H       0.10038028  0.09504968
      6    H       0.10038028  0.09504968
      7    H       0.10038028  0.09504968
      8    H       0.45395164  0.45395164
Total Charge:      0.00000000  0.00000000
