                      :-) GROMACS - gmx mdrun, 2020.4 (-:

                            GROMACS is written by:
     Emile Apol      Rossen Apostolov      Paul Bauer     Herman J.C. Berendsen
    Par Bjelkmar      Christian Blau   Viacheslav Bolnykh     Kevin Boyd    
 Aldert van Buuren   Rudi van Drunen     Anton Feenstra       Alan Gray     
  Gerrit Groenhof     Anca Hamuraru    Vincent Hindriksen  M. Eric Irrgang  
  Aleksei Iupinov   Christoph Junghans     Joe Jordan     Dimitrios Karkoulis
    Peter Kasson        Jiri Kraus      Carsten Kutzner      Per Larsson    
  Justin A. Lemkul    Viveca Lindahl    Magnus Lundborg     Erik Marklund   
    Pascal Merz     Pieter Meulenhoff    Teemu Murtola       Szilard Pall   
    Sander Pronk      Roland Schulz      Michael Shirts    Alexey Shvetsov  
   Alfons Sijbers     Peter Tieleman      Jon Vincent      Teemu Virolainen 
 Christian Wennberg    Maarten Wolf      Artem Zhmurov   
                           and the project leaders:
        Mark Abraham, Berk Hess, Erik Lindahl, and David van der Spoel

Copyright (c) 1991-2000, University of Groningen, The Netherlands.
Copyright (c) 2001-2019, The GROMACS development team at
Uppsala University, Stockholm University and
the Royal Institute of Technology, Sweden.
check out http://www.gromacs.org for more information.

GROMACS is free software; you can redistribute it and/or modify it
under the terms of the GNU Lesser General Public License
as published by the Free Software Foundation; either version 2.1
of the License, or (at your option) any later version.

GROMACS:      gmx mdrun, version 2020.4
Executable:   /share/apps/gromacs/2020.4/openmpi/intel/bin/gmx_mpi
Data prefix:  /share/apps/gromacs/2020.4/openmpi/intel
Working dir:  /scratch/axe1/waterions_CHARMM36M/gromacs
Process ID:   665275
Command line:
  gmx_mpi mdrun -v -deffnm step4.1_equilibration

GROMACS version:    2020.4
Verified release checksum is 79c2857291b034542c26e90512b92fd4b184a1c9d6fa59c55f2e24ccf14e7281
Precision:          single
Memory model:       64 bit
MPI library:        MPI
OpenMP support:     disabled
GPU support:        disabled
SIMD instructions:  AVX_512
FFT library:        Intel MKL
RDTSCP usage:       enabled
TNG support:        enabled
Hwloc support:      disabled
Tracing support:    disabled
C compiler:         /share/apps/openmpi/4.0.5/intel/bin/mpicc Intel 19.1.2.20200623
C compiler flags:   -xCORE-AVX512 -qopt-zmm-usage=high -mkl=sequential -wd3180 -std=gnu99 -ip -funroll-all-loops -alias-const -ansi-alias -no-prec-div -fimf-domain-exclusion=14 -qoverride-limits -O3 -DNDEBUG
C++ compiler:       /share/apps/openmpi/4.0.5/intel/bin/mpicxx Intel 19.1.2.20200623
C++ compiler flags: -xCORE-AVX512 -qopt-zmm-usage=high -mkl=sequential -wd3180 -ip -funroll-all-loops -alias-const -ansi-alias -no-prec-div -fimf-domain-exclusion=14 -qoverride-limits -O3 -DNDEBUG


Running on 1 node with total 48 cores, 48 logical cores
Hardware detected on host gv005.hpc.nyu.edu (the node of MPI rank 0):
  CPU info:
    Vendor: Intel
    Brand:  Intel(R) Xeon(R) Platinum 8268 CPU @ 2.90GHz
    Family: 6   Model: 85   Stepping: 7
    Features: aes apic avx avx2 avx512f avx512cd avx512bw avx512vl clfsh cmov cx8 cx16 f16c fma htt intel lahf mmx msr nonstop_tsc pcid pclmuldq pdcm pdpe1gb popcnt pse rdrnd rdtscp sse2 sse3 sse4.1 sse4.2 ssse3 tdt x2apic
    Number of AVX-512 FMA units: 2
  Hardware topology: Only logical processor count


++++ PLEASE READ AND CITE THE FOLLOWING REFERENCE ++++
M. J. Abraham, T. Murtola, R. Schulz, S. Páll, J. C. Smith, B. Hess, E.
Lindahl
GROMACS: High performance molecular simulations through multi-level
parallelism from laptops to supercomputers
SoftwareX 1 (2015) pp. 19-25
-------- -------- --- Thank You --- -------- --------


++++ PLEASE READ AND CITE THE FOLLOWING REFERENCE ++++
S. Páll, M. J. Abraham, C. Kutzner, B. Hess, E. Lindahl
Tackling Exascale Software Challenges in Molecular Dynamics Simulations with
GROMACS
In S. Markidis & E. Laure (Eds.), Solving Software Challenges for Exascale 8759 (2015) pp. 3-27
-------- -------- --- Thank You --- -------- --------


++++ PLEASE READ AND CITE THE FOLLOWING REFERENCE ++++
S. Pronk, S. Páll, R. Schulz, P. Larsson, P. Bjelkmar, R. Apostolov, M. R.
Shirts, J. C. Smith, P. M. Kasson, D. van der Spoel, B. Hess, and E. Lindahl
GROMACS 4.5: a high-throughput and highly parallel open source molecular
simulation toolkit
Bioinformatics 29 (2013) pp. 845-54
-------- -------- --- Thank You --- -------- --------


++++ PLEASE READ AND CITE THE FOLLOWING REFERENCE ++++
B. Hess and C. Kutzner and D. van der Spoel and E. Lindahl
GROMACS 4: Algorithms for highly efficient, load-balanced, and scalable
molecular simulation
J. Chem. Theory Comput. 4 (2008) pp. 435-447
-------- -------- --- Thank You --- -------- --------


++++ PLEASE READ AND CITE THE FOLLOWING REFERENCE ++++
D. van der Spoel, E. Lindahl, B. Hess, G. Groenhof, A. E. Mark and H. J. C.
Berendsen
GROMACS: Fast, Flexible and Free
J. Comp. Chem. 26 (2005) pp. 1701-1719
-------- -------- --- Thank You --- -------- --------


++++ PLEASE READ AND CITE THE FOLLOWING REFERENCE ++++
E. Lindahl and B. Hess and D. van der Spoel
GROMACS 3.0: A package for molecular simulation and trajectory analysis
J. Mol. Mod. 7 (2001) pp. 306-317
-------- -------- --- Thank You --- -------- --------


++++ PLEASE READ AND CITE THE FOLLOWING REFERENCE ++++
H. J. C. Berendsen, D. van der Spoel and R. van Drunen
GROMACS: A message-passing parallel molecular dynamics implementation
Comp. Phys. Comm. 91 (1995) pp. 43-56
-------- -------- --- Thank You --- -------- --------


++++ PLEASE CITE THE DOI FOR THIS VERSION OF GROMACS ++++
https://doi.org/10.5281/zenodo.4054979
-------- -------- --- Thank You --- -------- --------

Input Parameters:
   integrator                     = md
   tinit                          = 0
   dt                             = 0.001
   nsteps                         = 125000
   init-step                      = 0
   simulation-part                = 1
   comm-mode                      = Linear
   nstcomm                        = 100
   bd-fric                        = 0
   ld-seed                        = -1050750523
   emtol                          = 10
   emstep                         = 0.01
   niter                          = 20
   fcstep                         = 0
   nstcgsteep                     = 1000
   nbfgscorr                      = 10
   rtpi                           = 0.05
   nstxout                        = 0
   nstvout                        = 5000
   nstfout                        = 5000
   nstlog                         = 1000
   nstcalcenergy                  = 100
   nstenergy                      = 1000
   nstxout-compressed             = 5000
   compressed-x-precision         = 1000
   cutoff-scheme                  = Verlet
   nstlist                        = 20
   pbc                            = xyz
   periodic-molecules             = false
   verlet-buffer-tolerance        = 0.005
   rlist                          = 1.2
   coulombtype                    = PME
   coulomb-modifier               = Potential-shift
   rcoulomb-switch                = 0
   rcoulomb                       = 1.2
   epsilon-r                      = 1
   epsilon-rf                     = inf
   vdw-type                       = Cut-off
   vdw-modifier                   = Force-switch
   rvdw-switch                    = 1
   rvdw                           = 1.2
   DispCorr                       = No
   table-extension                = 1
   fourierspacing                 = 0.12
   fourier-nx                     = 42
   fourier-ny                     = 42
   fourier-nz                     = 42
   pme-order                      = 4
   ewald-rtol                     = 1e-05
   ewald-rtol-lj                  = 0.001
   lj-pme-comb-rule               = Geometric
   ewald-geometry                 = 0
   epsilon-surface                = 0
   tcoupl                         = Nose-Hoover
   nsttcouple                     = 20
   nh-chain-length                = 1
   print-nose-hoover-chain-variables = false
   pcoupl                         = No
   pcoupltype                     = Isotropic
   nstpcouple                     = -1
   tau-p                          = 1
   compressibility (3x3):
      compressibility[    0]={ 0.00000e+00,  0.00000e+00,  0.00000e+00}
      compressibility[    1]={ 0.00000e+00,  0.00000e+00,  0.00000e+00}
      compressibility[    2]={ 0.00000e+00,  0.00000e+00,  0.00000e+00}
   ref-p (3x3):
      ref-p[    0]={ 0.00000e+00,  0.00000e+00,  0.00000e+00}
      ref-p[    1]={ 0.00000e+00,  0.00000e+00,  0.00000e+00}
      ref-p[    2]={ 0.00000e+00,  0.00000e+00,  0.00000e+00}
   refcoord-scaling               = No
   posres-com (3):
      posres-com[0]= 0.00000e+00
      posres-com[1]= 0.00000e+00
      posres-com[2]= 0.00000e+00
   posres-comB (3):
      posres-comB[0]= 0.00000e+00
      posres-comB[1]= 0.00000e+00
      posres-comB[2]= 0.00000e+00
   QMMM                           = false
   QMconstraints                  = 0
   QMMMscheme                     = 0
   MMChargeScaleFactor            = 1
qm-opts:
   ngQM                           = 0
   constraint-algorithm           = Lincs
   continuation                   = false
   Shake-SOR                      = false
   shake-tol                      = 0.0001
   lincs-order                    = 4
   lincs-iter                     = 1
   lincs-warnangle                = 30
   nwall                          = 0
   wall-type                      = 9-3
   wall-r-linpot                  = -1
   wall-atomtype[0]               = -1
   wall-atomtype[1]               = -1
   wall-density[0]                = 0
   wall-density[1]                = 0
   wall-ewald-zfac                = 3
   pull                           = false
   awh                            = false
   rotation                       = false
   interactiveMD                  = false
   disre                          = No
   disre-weighting                = Conservative
   disre-mixed                    = false
   dr-fc                          = 1000
   dr-tau                         = 0
   nstdisreout                    = 100
   orire-fc                       = 0
   orire-tau                      = 0
   nstorireout                    = 100
   free-energy                    = no
   cos-acceleration               = 0
   deform (3x3):
      deform[    0]={ 0.00000e+00,  0.00000e+00,  0.00000e+00}
      deform[    1]={ 0.00000e+00,  0.00000e+00,  0.00000e+00}
      deform[    2]={ 0.00000e+00,  0.00000e+00,  0.00000e+00}
   simulated-tempering            = false
   swapcoords                     = no
   userint1                       = 0
   userint2                       = 0
   userint3                       = 0
   userint4                       = 0
   userreal1                      = 0
   userreal2                      = 0
   userreal3                      = 0
   userreal4                      = 0
   applied-forces:
     electric-field:
       x:
         E0                       = 0
         omega                    = 0
         t0                       = 0
         sigma                    = 0
       y:
         E0                       = 0
         omega                    = 0
         t0                       = 0
         sigma                    = 0
       z:
         E0                       = 0
         omega                    = 0
         t0                       = 0
         sigma                    = 0
     density-guided-simulation:
       active                     = false
       group                      = protein
       similarity-measure         = inner-product
       atom-spreading-weight      = unity
       force-constant             = 1e+09
       gaussian-transform-spreading-width = 0.2
       gaussian-transform-spreading-range-in-multiples-of-width = 4
       reference-density-filename = reference.mrc
       nst                        = 1
       normalize-densities        = true
       adaptive-force-scaling     = false
       adaptive-force-scaling-time-constant = 4
grpopts:
   nrdf:       23307
   ref-t:         300
   tau-t:           1
annealing:          No
annealing-npoints:           0
   acc:	           0           0           0
   nfreeze:           N           N           N
   energygrp-flags[  0]: 0

Changing nstlist from 20 to 100, rlist from 1.2 to 1.297


Initializing Domain Decomposition on 20 ranks
Dynamic load balancing: auto
Using update groups, nr 3892, average size 3.0 atoms, max. radius 0.078 nm
Minimum cell size due to atom displacement: 0.296 nm
Scaling the initial minimum size with 1/0.8 (option -dds) = 1.25
Guess for relative PME load: 0.20
Will use 16 particle-particle and 4 PME only ranks
This is a guess, check the performance at the end of the log file
Using 4 separate PME ranks, as guessed by mdrun
Optimizing the DD grid for 16 cells with a minimum initial size of 0.370 nm
The maximum allowed number of cells is: X 13 Y 13 Z 13
Domain decomposition grid 4 x 4 x 1, separate PME ranks 4
PME domain decomposition: 4 x 1 x 1
Interleaving PP and PME ranks
This rank does only particle-particle work.
Domain decomposition rank 0, coordinates 0 0 0

The initial number of communication pulses is: X 2 Y 2
The initial domain decomposition cell size is: X 1.25 nm Y 1.25 nm

When dynamic load balancing gets turned on, these settings will change to:
The maximum number of communication pulses is: X 2 Y 2
The minimum size for domain decomposition cells is 0.727 nm
The requested allowed shrink of DD cells (option -dds) is: 0.80
The allowed shrink of domain decomposition cells is: X 0.58 Y 0.58

Using 20 MPI processes

Non-default thread affinity set, disabling internal thread affinity
System total charge: 0.000
Will do PME sum in reciprocal space for electrostatic interactions.

++++ PLEASE READ AND CITE THE FOLLOWING REFERENCE ++++
U. Essmann, L. Perera, M. L. Berkowitz, T. Darden, H. Lee and L. G. Pedersen 
A smooth particle mesh Ewald method
J. Chem. Phys. 103 (1995) pp. 8577-8592
-------- -------- --- Thank You --- -------- --------

Using a Gaussian width (1/beta) of 0.384195 nm for Ewald
Potential shift: LJ r^-12: -2.648e-01 r^-6: -5.349e-01, Ewald -8.333e-06
Initialized non-bonded Ewald tables, spacing: 1.02e-03 size: 1176


Using SIMD 4x8 nonbonded short-range kernels

Using a dual 4x8 pair-list setup updated with dynamic pruning:
  outer list: updated every 100 steps, buffer 0.097 nm, rlist 1.297 nm
  inner list: updated every  23 steps, buffer 0.001 nm, rlist 1.201 nm
At tolerance 0.005 kJ/mol/ps per atom, equivalent classical 1x1 list would be:
  outer list: updated every 100 steps, buffer 0.227 nm, rlist 1.427 nm
  inner list: updated every  23 steps, buffer 0.046 nm, rlist 1.246 nm

Removing pbc first time

++++ PLEASE READ AND CITE THE FOLLOWING REFERENCE ++++
S. Miyamoto and P. A. Kollman
SETTLE: An Analytical Version of the SHAKE and RATTLE Algorithms for Rigid
Water Models
J. Comp. Chem. 13 (1992) pp. 952-962
-------- -------- --- Thank You --- -------- --------


Linking all bonded interactions to atoms


Intra-simulation communication will occur every 20 steps.
There are: 11648 Atoms
Atom distribution over 16 domains: av 728 stddev 18 min 699 max 772

Constraining the starting coordinates (step 0)

Constraining the coordinates at t0-dt (step 0)
Center of mass motion removal mode is Linear
We have the following groups for center of mass motion removal:
  0:  SOLV
RMS relative constraint deviation after constraining: 0.00e+00
Initial temperature: 300.605 K

Started mdrun on rank 0 Thu Jul 13 14:38:59 2023

           Step           Time
              0        0.00000

   Energies (kJ/mol)
        LJ (SR)   Coulomb (SR)   Coul. recip.      Potential    Kinetic En.
    2.61685e+04   -2.14261e+05    7.61599e+02   -1.87331e+05    2.91333e+04
   Total Energy  Conserved En.    Temperature Pressure (bar)
   -1.58198e+05   -1.58198e+05    3.00676e+02   -1.47879e+03


DD  step 99 load imb.: force  5.2%  pme mesh/force 1.008

DD  step 999 load imb.: force  8.3%  pme mesh/force 0.976
           Step           Time
           1000        1.00000

   Energies (kJ/mol)
        LJ (SR)   Coulomb (SR)   Coul. recip.      Potential    Kinetic En.
    1.80412e+04   -1.88306e+05    4.74134e+02   -1.69790e+05    2.25340e+04
   Total Energy  Conserved En.    Temperature Pressure (bar)
   -1.47256e+05   -1.56464e+05    2.32567e+02   -2.21632e+03


DD  step 1999 load imb.: force  6.8%  pme mesh/force 0.970
           Step           Time
           2000        2.00000

   Energies (kJ/mol)
        LJ (SR)   Coulomb (SR)   Coul. recip.      Potential    Kinetic En.
    1.60997e+04   -1.79431e+05    5.03843e+02   -1.62828e+05    2.67057e+04
   Total Energy  Conserved En.    Temperature Pressure (bar)
   -1.36122e+05   -1.55944e+05    2.75622e+02   -1.91989e+03


DD  step 2999 load imb.: force  5.2%  pme mesh/force 0.996
           Step           Time
           3000        3.00000

   Energies (kJ/mol)
        LJ (SR)   Coulomb (SR)   Coul. recip.      Potential    Kinetic En.
    1.67986e+04   -1.78007e+05    5.69607e+02   -1.60639e+05    2.95240e+04
   Total Energy  Conserved En.    Temperature Pressure (bar)
   -1.31115e+05   -1.55643e+05    3.04708e+02   -1.11308e+03


DD  step 3999 load imb.: force  5.8%  pme mesh/force 0.993
           Step           Time
           4000        4.00000

   Energies (kJ/mol)
        LJ (SR)   Coulomb (SR)   Coul. recip.      Potential    Kinetic En.
    1.61724e+04   -1.76225e+05    6.22520e+02   -1.59430e+05    2.98304e+04
   Total Energy  Conserved En.    Temperature Pressure (bar)
   -1.29600e+05   -1.55405e+05    3.07871e+02   -1.18816e+03


DD  step 4999 load imb.: force  4.3%  pme mesh/force 0.982
           Step           Time
           5000        5.00000

   Energies (kJ/mol)
        LJ (SR)   Coulomb (SR)   Coul. recip.      Potential    Kinetic En.
    1.68732e+04   -1.77629e+05    6.00462e+02   -1.60155e+05    2.96142e+04
   Total Energy  Conserved En.    Temperature Pressure (bar)
   -1.30541e+05   -1.55257e+05    3.05639e+02   -1.02258e+03


DD  step 5999 load imb.: force  5.3%  pme mesh/force 0.983
           Step           Time
           6000        6.00000

   Energies (kJ/mol)
        LJ (SR)   Coulomb (SR)   Coul. recip.      Potential    Kinetic En.
    1.74300e+04   -1.78298e+05    6.05739e+02   -1.60262e+05    2.91453e+04
   Total Energy  Conserved En.    Temperature Pressure (bar)
   -1.31117e+05   -1.55217e+05    3.00800e+02   -7.95905e+02


DD  step 6999 load imb.: force  6.3%  pme mesh/force 0.991
           Step           Time
           7000        7.00000

   Energies (kJ/mol)
        LJ (SR)   Coulomb (SR)   Coul. recip.      Potential    Kinetic En.
    1.73337e+04   -1.79162e+05    5.63246e+02   -1.61265e+05    2.97778e+04
   Total Energy  Conserved En.    Temperature Pressure (bar)
   -1.31487e+05   -1.55159e+05    3.07328e+02   -9.99459e+02


DD  step 7999 load imb.: force  4.8%  pme mesh/force 0.985
           Step           Time
           8000        8.00000

   Energies (kJ/mol)
        LJ (SR)   Coulomb (SR)   Coul. recip.      Potential    Kinetic En.
    1.72474e+04   -1.79149e+05    5.57069e+02   -1.61344e+05    2.89848e+04
   Total Energy  Conserved En.    Temperature Pressure (bar)
   -1.32360e+05   -1.55191e+05    2.99144e+02   -1.06251e+03


DD  step 8999 load imb.: force  6.3%  pme mesh/force 0.985
           Step           Time
           9000        9.00000

   Energies (kJ/mol)
        LJ (SR)   Coulomb (SR)   Coul. recip.      Potential    Kinetic En.
    1.68094e+04   -1.78682e+05    5.75539e+02   -1.61297e+05    2.89317e+04
   Total Energy  Conserved En.    Temperature Pressure (bar)
   -1.32366e+05   -1.55224e+05    2.98596e+02   -1.22960e+03


DD  step 9999 load imb.: force  7.9%  pme mesh/force 0.972

step 10000 Turning on dynamic load balancing, because the performance loss due to load imbalance is 5.2 %.
           Step           Time
          10000       10.00000

   Energies (kJ/mol)
        LJ (SR)   Coulomb (SR)   Coul. recip.      Potential    Kinetic En.
    1.78854e+04   -1.80603e+05    5.29908e+02   -1.62188e+05    2.93173e+04
   Total Energy  Conserved En.    Temperature Pressure (bar)
   -1.32870e+05   -1.55204e+05    3.02575e+02   -8.88535e+02


DD  step 10999  vol min/aver 0.926  load imb.: force  2.7%  pme mesh/force 1.005
           Step           Time
          11000       11.00000

   Energies (kJ/mol)
        LJ (SR)   Coulomb (SR)   Coul. recip.      Potential    Kinetic En.
    1.74796e+04   -1.79305e+05    6.00414e+02   -1.61225e+05    2.88486e+04
   Total Energy  Conserved En.    Temperature Pressure (bar)
   -1.32376e+05   -1.55173e+05    2.97738e+02   -9.06103e+02


DD  step 11999  vol min/aver 0.942  load imb.: force  3.5%  pme mesh/force 1.004
           Step           Time
          12000       12.00000

   Energies (kJ/mol)
        LJ (SR)   Coulomb (SR)   Coul. recip.      Potential    Kinetic En.
    1.73881e+04   -1.79548e+05    5.78412e+02   -1.61581e+05    2.91901e+04
   Total Energy  Conserved En.    Temperature Pressure (bar)
   -1.32391e+05   -1.55192e+05    3.01263e+02   -1.00253e+03


DD  step 12999  vol min/aver 0.917  load imb.: force  3.5%  pme mesh/force 0.998
           Step           Time
          13000       13.00000

   Energies (kJ/mol)
        LJ (SR)   Coulomb (SR)   Coul. recip.      Potential    Kinetic En.
    1.75537e+04   -1.79535e+05    5.54260e+02   -1.61427e+05    2.87925e+04
   Total Energy  Conserved En.    Temperature Pressure (bar)
   -1.32635e+05   -1.55207e+05    2.97159e+02   -9.26187e+02


DD  step 13999  vol min/aver 0.950  load imb.: force  3.3%  pme mesh/force 1.005
           Step           Time
          14000       14.00000

   Energies (kJ/mol)
        LJ (SR)   Coulomb (SR)   Coul. recip.      Potential    Kinetic En.
    1.77305e+04   -1.80330e+05    5.76196e+02   -1.62023e+05    2.87231e+04
   Total Energy  Conserved En.    Temperature Pressure (bar)
   -1.33300e+05   -1.55207e+05    2.96443e+02   -8.60843e+02


DD  step 14999  vol min/aver 0.959  load imb.: force  3.6%  pme mesh/force 1.008
           Step           Time
          15000       15.00000

   Energies (kJ/mol)
        LJ (SR)   Coulomb (SR)   Coul. recip.      Potential    Kinetic En.
    1.72392e+04   -1.79587e+05    5.32915e+02   -1.61815e+05    2.90531e+04
   Total Energy  Conserved En.    Temperature Pressure (bar)
   -1.32762e+05   -1.55228e+05    2.99849e+02   -1.12422e+03


DD  step 15999  vol min/aver 0.942  load imb.: force  2.6%  pme mesh/force 1.003
           Step           Time
          16000       16.00000

   Energies (kJ/mol)
        LJ (SR)   Coulomb (SR)   Coul. recip.      Potential    Kinetic En.
    1.67125e+04   -1.79264e+05    5.68573e+02   -1.61983e+05    2.89160e+04
   Total Energy  Conserved En.    Temperature Pressure (bar)
   -1.33067e+05   -1.55233e+05    2.98434e+02   -1.39055e+03


DD  step 16999  vol min/aver 0.928  load imb.: force  2.8%  pme mesh/force 1.008
           Step           Time
          17000       17.00000

   Energies (kJ/mol)
        LJ (SR)   Coulomb (SR)   Coul. recip.      Potential    Kinetic En.
    1.74123e+04   -1.79741e+05    5.15135e+02   -1.61813e+05    2.86959e+04
   Total Energy  Conserved En.    Temperature Pressure (bar)
   -1.33117e+05   -1.55223e+05    2.96162e+02   -1.08760e+03


DD  step 17999  vol min/aver 0.954  load imb.: force  2.5%  pme mesh/force 1.009
           Step           Time
          18000       18.00000

   Energies (kJ/mol)
        LJ (SR)   Coulomb (SR)   Coul. recip.      Potential    Kinetic En.
    1.68094e+04   -1.78590e+05    5.82249e+02   -1.61198e+05    2.88268e+04
   Total Energy  Conserved En.    Temperature Pressure (bar)
   -1.32371e+05   -1.55264e+05    2.97513e+02   -1.27667e+03


DD  step 18999  vol min/aver 0.942  load imb.: force  4.4%  pme mesh/force 1.008
           Step           Time
          19000       19.00000

   Energies (kJ/mol)
        LJ (SR)   Coulomb (SR)   Coul. recip.      Potential    Kinetic En.
    1.71523e+04   -1.78685e+05    5.80885e+02   -1.60952e+05    2.93292e+04
   Total Energy  Conserved En.    Temperature Pressure (bar)
   -1.31622e+05   -1.55218e+05    3.02698e+02   -1.01579e+03


DD  step 19999  vol min/aver 0.947  load imb.: force  2.9%  pme mesh/force 1.004
           Step           Time
          20000       20.00000

   Energies (kJ/mol)
        LJ (SR)   Coulomb (SR)   Coul. recip.      Potential    Kinetic En.
    1.74106e+04   -1.78861e+05    5.91398e+02   -1.60859e+05    2.91853e+04
   Total Energy  Conserved En.    Temperature Pressure (bar)
   -1.31674e+05   -1.55195e+05    3.01213e+02   -8.17975e+02


DD  step 20999  vol min/aver 0.925  load imb.: force  2.5%  pme mesh/force 0.998
           Step           Time
          21000       21.00000

   Energies (kJ/mol)
        LJ (SR)   Coulomb (SR)   Coul. recip.      Potential    Kinetic En.
    1.71404e+04   -1.79194e+05    5.69303e+02   -1.61484e+05    2.93884e+04
   Total Energy  Conserved En.    Temperature Pressure (bar)
   -1.32096e+05   -1.55209e+05    3.03309e+02   -1.15281e+03


DD  step 21999  vol min/aver 0.930  load imb.: force  2.9%  pme mesh/force 0.997
           Step           Time
          22000       22.00000

   Energies (kJ/mol)
        LJ (SR)   Coulomb (SR)   Coul. recip.      Potential    Kinetic En.
    1.74695e+04   -1.79730e+05    5.88947e+02   -1.61672e+05    2.91249e+04
   Total Energy  Conserved En.    Temperature Pressure (bar)
   -1.32547e+05   -1.55180e+05    3.00590e+02   -9.84664e+02


DD  step 22999  vol min/aver 0.948  load imb.: force  3.3%  pme mesh/force 1.000
           Step           Time
          23000       23.00000

   Energies (kJ/mol)
        LJ (SR)   Coulomb (SR)   Coul. recip.      Potential    Kinetic En.
    1.69424e+04   -1.79119e+05    5.66760e+02   -1.61610e+05    2.95761e+04
   Total Energy  Conserved En.    Temperature Pressure (bar)
   -1.32034e+05   -1.55185e+05    3.05247e+02   -1.27296e+03


DD  step 23999  vol min/aver 0.950  load imb.: force  2.8%  pme mesh/force 1.007
           Step           Time
          24000       24.00000

   Energies (kJ/mol)
        LJ (SR)   Coulomb (SR)   Coul. recip.      Potential    Kinetic En.
    1.70940e+04   -1.78756e+05    5.36392e+02   -1.61126e+05    2.88429e+04
   Total Energy  Conserved En.    Temperature Pressure (bar)
   -1.32283e+05   -1.55216e+05    2.97680e+02   -1.09464e+03


DD  step 24999  vol min/aver 0.963  load imb.: force  2.4%  pme mesh/force 1.012
           Step           Time
          25000       25.00000

   Energies (kJ/mol)
        LJ (SR)   Coulomb (SR)   Coul. recip.      Potential    Kinetic En.
    1.77217e+04   -1.80201e+05    5.70064e+02   -1.61909e+05    2.93737e+04
   Total Energy  Conserved En.    Temperature Pressure (bar)
   -1.32536e+05   -1.55198e+05    3.03158e+02   -9.34479e+02


DD  step 25999  vol min/aver 0.935  load imb.: force  2.6%  pme mesh/force 1.003
           Step           Time
          26000       26.00000

   Energies (kJ/mol)
        LJ (SR)   Coulomb (SR)   Coul. recip.      Potential    Kinetic En.
    1.70256e+04   -1.79098e+05    5.57969e+02   -1.61515e+05    2.90631e+04
   Total Energy  Conserved En.    Temperature Pressure (bar)
   -1.32452e+05   -1.55162e+05    2.99952e+02   -1.17024e+03


DD  step 26999  vol min/aver 0.928  load imb.: force  2.7%  pme mesh/force 1.002
           Step           Time
          27000       27.00000

   Energies (kJ/mol)
        LJ (SR)   Coulomb (SR)   Coul. recip.      Potential    Kinetic En.
    1.74543e+04   -1.79810e+05    6.04190e+02   -1.61751e+05    2.93621e+04
   Total Energy  Conserved En.    Temperature Pressure (bar)
   -1.32389e+05   -1.55213e+05    3.03038e+02   -1.02651e+03


DD  step 27999  vol min/aver 0.953  load imb.: force  2.4%  pme mesh/force 1.003
           Step           Time
          28000       28.00000

   Energies (kJ/mol)
        LJ (SR)   Coulomb (SR)   Coul. recip.      Potential    Kinetic En.
    1.72152e+04   -1.78149e+05    5.85408e+02   -1.60348e+05    2.87763e+04
   Total Energy  Conserved En.    Temperature Pressure (bar)
   -1.31572e+05   -1.55183e+05    2.96992e+02   -9.17668e+02


DD  step 28999  vol min/aver 0.945  load imb.: force  3.2%  pme mesh/force 1.003
           Step           Time
          29000       29.00000

   Energies (kJ/mol)
        LJ (SR)   Coulomb (SR)   Coul. recip.      Potential    Kinetic En.
    1.68043e+04   -1.78562e+05    5.96123e+02   -1.61161e+05    2.93600e+04
   Total Energy  Conserved En.    Temperature Pressure (bar)
   -1.31801e+05   -1.55112e+05    3.03016e+02   -1.23491e+03


DD  step 29999  vol min/aver 0.896  load imb.: force  3.8%  pme mesh/force 0.996
           Step           Time
          30000       30.00000

   Energies (kJ/mol)
        LJ (SR)   Coulomb (SR)   Coul. recip.      Potential    Kinetic En.
    1.74930e+04   -1.79502e+05    5.53516e+02   -1.61455e+05    2.91065e+04
   Total Energy  Conserved En.    Temperature Pressure (bar)
   -1.32349e+05   -1.55135e+05    3.00400e+02   -8.84157e+02


DD  step 30999  vol min/aver 0.923  load imb.: force  3.2%  pme mesh/force 1.015
           Step           Time
          31000       31.00000

   Energies (kJ/mol)
        LJ (SR)   Coulomb (SR)   Coul. recip.      Potential    Kinetic En.
    1.74329e+04   -1.79340e+05    5.89413e+02   -1.61317e+05    2.89539e+04
   Total Energy  Conserved En.    Temperature Pressure (bar)
   -1.32363e+05   -1.55195e+05    2.98825e+02   -9.19796e+02


DD  step 31999  vol min/aver 0.928  load imb.: force  3.7%  pme mesh/force 1.021
           Step           Time
          32000       32.00000

   Energies (kJ/mol)
        LJ (SR)   Coulomb (SR)   Coul. recip.      Potential    Kinetic En.
    1.77573e+04   -1.79574e+05    5.36641e+02   -1.61280e+05    2.91336e+04
   Total Energy  Conserved En.    Temperature Pressure (bar)
   -1.32147e+05   -1.55205e+05    3.00679e+02   -7.68033e+02


DD  step 32999  vol min/aver 0.949  load imb.: force  2.8%  pme mesh/force 1.015
           Step           Time
          33000       33.00000

   Energies (kJ/mol)
        LJ (SR)   Coulomb (SR)   Coul. recip.      Potential    Kinetic En.
    1.70849e+04   -1.78736e+05    5.92631e+02   -1.61058e+05    2.89154e+04
   Total Energy  Conserved En.    Temperature Pressure (bar)
   -1.32143e+05   -1.55153e+05    2.98428e+02   -1.13385e+03


DD  step 33999  vol min/aver 0.920  load imb.: force  1.8%  pme mesh/force 1.012
           Step           Time
          34000       34.00000

   Energies (kJ/mol)
        LJ (SR)   Coulomb (SR)   Coul. recip.      Potential    Kinetic En.
    1.73300e+04   -1.79247e+05    6.01513e+02   -1.61315e+05    2.90881e+04
   Total Energy  Conserved En.    Temperature Pressure (bar)
   -1.32227e+05   -1.55167e+05    3.00210e+02   -9.70136e+02


DD  step 34999  vol min/aver 0.927  load imb.: force  2.2%  pme mesh/force 0.996
           Step           Time
          35000       35.00000

   Energies (kJ/mol)
        LJ (SR)   Coulomb (SR)   Coul. recip.      Potential    Kinetic En.
    1.73944e+04   -1.79106e+05    5.46611e+02   -1.61166e+05    2.91482e+04
   Total Energy  Conserved En.    Temperature Pressure (bar)
   -1.32017e+05   -1.55139e+05    3.00830e+02   -9.69995e+02


DD  step 35999  vol min/aver 0.954  load imb.: force  3.6%  pme mesh/force 1.001
           Step           Time
          36000       36.00000

   Energies (kJ/mol)
        LJ (SR)   Coulomb (SR)   Coul. recip.      Potential    Kinetic En.
    1.77423e+04   -1.79184e+05    5.48853e+02   -1.60893e+05    2.87896e+04
   Total Energy  Conserved En.    Temperature Pressure (bar)
   -1.32104e+05   -1.55158e+05    2.97129e+02   -7.55363e+02


DD  step 36999  vol min/aver 0.927  load imb.: force  4.3%  pme mesh/force 1.000
           Step           Time
          37000       37.00000

   Energies (kJ/mol)
        LJ (SR)   Coulomb (SR)   Coul. recip.      Potential    Kinetic En.
    1.66925e+04   -1.78203e+05    5.59927e+02   -1.60951e+05    2.93065e+04
   Total Energy  Conserved En.    Temperature Pressure (bar)
   -1.31645e+05   -1.55163e+05    3.02463e+02   -1.29863e+03


DD  step 37999  vol min/aver 0.928  load imb.: force  2.2%  pme mesh/force 1.011
           Step           Time
          38000       38.00000

   Energies (kJ/mol)
        LJ (SR)   Coulomb (SR)   Coul. recip.      Potential    Kinetic En.
    1.71217e+04   -1.78266e+05    5.80809e+02   -1.60564e+05    2.90784e+04
   Total Energy  Conserved En.    Temperature Pressure (bar)
   -1.31486e+05   -1.55117e+05    3.00109e+02   -9.74302e+02


DD  step 38999  vol min/aver 0.950  load imb.: force  2.3%  pme mesh/force 1.001
           Step           Time
          39000       39.00000

   Energies (kJ/mol)
        LJ (SR)   Coulomb (SR)   Coul. recip.      Potential    Kinetic En.
    1.77307e+04   -1.80009e+05    5.72721e+02   -1.61706e+05    2.88039e+04
   Total Energy  Conserved En.    Temperature Pressure (bar)
   -1.32902e+05   -1.55115e+05    2.97277e+02   -8.90485e+02


DD  step 39999  vol min/aver 0.954  load imb.: force  3.3%  pme mesh/force 0.993
           Step           Time
          40000       40.00000

   Energies (kJ/mol)
        LJ (SR)   Coulomb (SR)   Coul. recip.      Potential    Kinetic En.
    1.66932e+04   -1.78036e+05    5.58361e+02   -1.60784e+05    2.88763e+04
   Total Energy  Conserved En.    Temperature Pressure (bar)
   -1.31908e+05   -1.55141e+05    2.98023e+02   -1.32454e+03


DD  step 40999  vol min/aver 0.951  load imb.: force  3.6%  pme mesh/force 1.005
           Step           Time
          41000       41.00000

   Energies (kJ/mol)
        LJ (SR)   Coulomb (SR)   Coul. recip.      Potential    Kinetic En.
    1.65982e+04   -1.77649e+05    5.53825e+02   -1.60497e+05    2.91013e+04
   Total Energy  Conserved En.    Temperature Pressure (bar)
   -1.31396e+05   -1.55117e+05    3.00346e+02   -1.23338e+03


DD  step 41999  vol min/aver 0.954  load imb.: force  3.6%  pme mesh/force 1.008
           Step           Time
          42000       42.00000

   Energies (kJ/mol)
        LJ (SR)   Coulomb (SR)   Coul. recip.      Potential    Kinetic En.
    1.74140e+04   -1.79771e+05    5.60530e+02   -1.61796e+05    2.90131e+04
   Total Energy  Conserved En.    Temperature Pressure (bar)
   -1.32783e+05   -1.55142e+05    2.99436e+02   -1.08447e+03


DD  step 42999  vol min/aver 0.941  load imb.: force  2.1%  pme mesh/force 1.019
           Step           Time
          43000       43.00000

   Energies (kJ/mol)
        LJ (SR)   Coulomb (SR)   Coul. recip.      Potential    Kinetic En.
    1.76694e+04   -1.79962e+05    6.02873e+02   -1.61690e+05    2.91106e+04
   Total Energy  Conserved En.    Temperature Pressure (bar)
   -1.32579e+05   -1.55184e+05    3.00442e+02   -9.58577e+02


DD  step 43999  vol min/aver 0.936  load imb.: force  2.6%  pme mesh/force 1.013
           Step           Time
          44000       44.00000

   Energies (kJ/mol)
        LJ (SR)   Coulomb (SR)   Coul. recip.      Potential    Kinetic En.
    1.71504e+04   -1.79069e+05    5.81462e+02   -1.61337e+05    2.92519e+04
   Total Energy  Conserved En.    Temperature Pressure (bar)
   -1.32085e+05   -1.55180e+05    3.01900e+02   -1.07671e+03


DD  step 44999  vol min/aver 0.918  load imb.: force  2.6%  pme mesh/force 1.017
           Step           Time
          45000       45.00000

   Energies (kJ/mol)
        LJ (SR)   Coulomb (SR)   Coul. recip.      Potential    Kinetic En.
    1.71051e+04   -1.78861e+05    5.52499e+02   -1.61204e+05    2.96028e+04
   Total Energy  Conserved En.    Temperature Pressure (bar)
   -1.31601e+05   -1.55184e+05    3.05522e+02   -1.10460e+03


DD  step 45999  vol min/aver 0.936  load imb.: force  5.0%  pme mesh/force 0.995
           Step           Time
          46000       46.00000

   Energies (kJ/mol)
        LJ (SR)   Coulomb (SR)   Coul. recip.      Potential    Kinetic En.
    1.70587e+04   -1.78636e+05    5.72310e+02   -1.61005e+05    2.90450e+04
   Total Energy  Conserved En.    Temperature Pressure (bar)
   -1.31960e+05   -1.55168e+05    2.99765e+02   -1.07456e+03


DD  step 46999  vol min/aver 0.936  load imb.: force  2.6%  pme mesh/force 1.001
           Step           Time
          47000       47.00000

   Energies (kJ/mol)
        LJ (SR)   Coulomb (SR)   Coul. recip.      Potential    Kinetic En.
    1.76134e+04   -1.79653e+05    5.97552e+02   -1.61442e+05    3.01116e+04
   Total Energy  Conserved En.    Temperature Pressure (bar)
   -1.31331e+05   -1.55190e+05    3.10773e+02   -8.86082e+02


DD  step 47999  vol min/aver 0.938  load imb.: force  3.5%  pme mesh/force 1.007
           Step           Time
          48000       48.00000

   Energies (kJ/mol)
        LJ (SR)   Coulomb (SR)   Coul. recip.      Potential    Kinetic En.
    1.70843e+04   -1.78115e+05    6.28926e+02   -1.60401e+05    2.94248e+04
   Total Energy  Conserved En.    Temperature Pressure (bar)
   -1.30977e+05   -1.55162e+05    3.03685e+02   -9.28923e+02


DD  step 48999  vol min/aver 0.922  load imb.: force  4.0%  pme mesh/force 1.010
           Step           Time
          49000       49.00000

   Energies (kJ/mol)
        LJ (SR)   Coulomb (SR)   Coul. recip.      Potential    Kinetic En.
    1.62333e+04   -1.78210e+05    5.66804e+02   -1.61410e+05    2.92303e+04
   Total Energy  Conserved En.    Temperature Pressure (bar)
   -1.32180e+05   -1.55135e+05    3.01678e+02   -1.54186e+03


DD  step 49999  vol min/aver 0.949  load imb.: force  4.3%  pme mesh/force 0.991
           Step           Time
          50000       50.00000

   Energies (kJ/mol)
        LJ (SR)   Coulomb (SR)   Coul. recip.      Potential    Kinetic En.
    1.71479e+04   -1.78500e+05    5.49552e+02   -1.60802e+05    2.92510e+04
   Total Energy  Conserved En.    Temperature Pressure (bar)
   -1.31551e+05   -1.55101e+05    3.01891e+02   -1.02228e+03


DD  step 50999  vol min/aver 0.935  load imb.: force  1.9%  pme mesh/force 1.001
           Step           Time
          51000       51.00000

   Energies (kJ/mol)
        LJ (SR)   Coulomb (SR)   Coul. recip.      Potential    Kinetic En.
    1.74608e+04   -1.79427e+05    6.09844e+02   -1.61357e+05    2.88727e+04
   Total Energy  Conserved En.    Temperature Pressure (bar)
   -1.32484e+05   -1.55125e+05    2.97987e+02   -9.57560e+02


DD  step 51999  vol min/aver 0.950  load imb.: force  4.0%  pme mesh/force 1.013
           Step           Time
          52000       52.00000

   Energies (kJ/mol)
        LJ (SR)   Coulomb (SR)   Coul. recip.      Potential    Kinetic En.
    1.67285e+04   -1.78412e+05    5.32968e+02   -1.61150e+05    2.85434e+04
   Total Energy  Conserved En.    Temperature Pressure (bar)
   -1.32607e+05   -1.55123e+05    2.94589e+02   -1.31175e+03


DD  step 52999  vol min/aver 0.943  load imb.: force  2.7%  pme mesh/force 1.011
           Step           Time
          53000       53.00000

   Energies (kJ/mol)
        LJ (SR)   Coulomb (SR)   Coul. recip.      Potential    Kinetic En.
    1.70274e+04   -1.79023e+05    5.82212e+02   -1.61414e+05    2.87328e+04
   Total Energy  Conserved En.    Temperature Pressure (bar)
   -1.32681e+05   -1.55098e+05    2.96543e+02   -1.16552e+03


DD  step 53999  vol min/aver 0.947  load imb.: force  3.6%  pme mesh/force 1.005
           Step           Time
          54000       54.00000

   Energies (kJ/mol)
        LJ (SR)   Coulomb (SR)   Coul. recip.      Potential    Kinetic En.
    1.65314e+04   -1.78586e+05    5.57636e+02   -1.61497e+05    2.92788e+04
   Total Energy  Conserved En.    Temperature Pressure (bar)
   -1.32218e+05   -1.55089e+05    3.02178e+02   -1.39094e+03


DD  step 54999  vol min/aver 0.935  load imb.: force  2.1%  pme mesh/force 1.000
           Step           Time
          55000       55.00000

   Energies (kJ/mol)
        LJ (SR)   Coulomb (SR)   Coul. recip.      Potential    Kinetic En.
    1.71166e+04   -1.78849e+05    5.88439e+02   -1.61144e+05    2.91198e+04
   Total Energy  Conserved En.    Temperature Pressure (bar)
   -1.32025e+05   -1.55094e+05    3.00537e+02   -1.02380e+03


DD  step 55999  vol min/aver 0.943  load imb.: force  2.5%  pme mesh/force 0.997
           Step           Time
          56000       56.00000

   Energies (kJ/mol)
        LJ (SR)   Coulomb (SR)   Coul. recip.      Potential    Kinetic En.
    1.72137e+04   -1.79107e+05    5.71441e+02   -1.61322e+05    2.92077e+04
   Total Energy  Conserved En.    Temperature Pressure (bar)
   -1.32114e+05   -1.55123e+05    3.01444e+02   -9.94922e+02


DD  step 56999  vol min/aver 0.906  load imb.: force  3.3%  pme mesh/force 1.000
           Step           Time
          57000       57.00000

   Energies (kJ/mol)
        LJ (SR)   Coulomb (SR)   Coul. recip.      Potential    Kinetic En.
    1.73346e+04   -1.79363e+05    5.78140e+02   -1.61450e+05    2.91781e+04
   Total Energy  Conserved En.    Temperature Pressure (bar)
   -1.32272e+05   -1.55115e+05    3.01138e+02   -9.81427e+02


DD  step 57999  vol min/aver 0.951  load imb.: force  2.6%  pme mesh/force 1.023
           Step           Time
          58000       58.00000

   Energies (kJ/mol)
        LJ (SR)   Coulomb (SR)   Coul. recip.      Potential    Kinetic En.
    1.68205e+04   -1.78725e+05    5.98381e+02   -1.61306e+05    2.89834e+04
   Total Energy  Conserved En.    Temperature Pressure (bar)
   -1.32322e+05   -1.55131e+05    2.99129e+02   -1.24934e+03


DD  step 58999  vol min/aver 0.936  load imb.: force  3.2%  pme mesh/force 0.997
           Step           Time
          59000       59.00000

   Energies (kJ/mol)
        LJ (SR)   Coulomb (SR)   Coul. recip.      Potential    Kinetic En.
    1.69611e+04   -1.79134e+05    6.14438e+02   -1.61558e+05    2.93111e+04
   Total Energy  Conserved En.    Temperature Pressure (bar)
   -1.32247e+05   -1.55142e+05    3.02512e+02   -1.19337e+03


DD  step 59999  vol min/aver 0.927  load imb.: force  3.3%  pme mesh/force 1.005
           Step           Time
          60000       60.00000

   Energies (kJ/mol)
        LJ (SR)   Coulomb (SR)   Coul. recip.      Potential    Kinetic En.
    1.74690e+04   -1.79695e+05    5.25380e+02   -1.61701e+05    2.89846e+04
   Total Energy  Conserved En.    Temperature Pressure (bar)
   -1.32716e+05   -1.55125e+05    2.99142e+02   -9.65941e+02


DD  step 60999  vol min/aver 0.928  load imb.: force  3.3%  pme mesh/force 1.002
           Step           Time
          61000       61.00000

   Energies (kJ/mol)
        LJ (SR)   Coulomb (SR)   Coul. recip.      Potential    Kinetic En.
    1.67187e+04   -1.78676e+05    5.52089e+02   -1.61405e+05    2.88034e+04
   Total Energy  Conserved En.    Temperature Pressure (bar)
   -1.32601e+05   -1.55136e+05    2.97271e+02   -1.28415e+03


DD  step 61999  vol min/aver 0.941  load imb.: force  3.2%  pme mesh/force 1.008
           Step           Time
          62000       62.00000

   Energies (kJ/mol)
        LJ (SR)   Coulomb (SR)   Coul. recip.      Potential    Kinetic En.
    1.76402e+04   -1.79343e+05    6.10670e+02   -1.61092e+05    2.90869e+04
   Total Energy  Conserved En.    Temperature Pressure (bar)
   -1.32005e+05   -1.55111e+05    3.00198e+02   -7.97225e+02


DD  step 62999  vol min/aver 0.932  load imb.: force  3.1%  pme mesh/force 0.998
           Step           Time
          63000       63.00000

   Energies (kJ/mol)
        LJ (SR)   Coulomb (SR)   Coul. recip.      Potential    Kinetic En.
    1.79623e+04   -1.79821e+05    5.94093e+02   -1.61265e+05    2.88209e+04
   Total Energy  Conserved En.    Temperature Pressure (bar)
   -1.32444e+05   -1.55077e+05    2.97452e+02   -7.11421e+02


DD  step 63999  vol min/aver 0.925  load imb.: force  2.7%  pme mesh/force 1.020
           Step           Time
          64000       64.00000

   Energies (kJ/mol)
        LJ (SR)   Coulomb (SR)   Coul. recip.      Potential    Kinetic En.
    1.77311e+04   -1.79876e+05    5.40344e+02   -1.61604e+05    2.88929e+04
   Total Energy  Conserved En.    Temperature Pressure (bar)
   -1.32711e+05   -1.55107e+05    2.98195e+02   -8.33838e+02


DD  step 64999  vol min/aver 0.910  load imb.: force  2.7%  pme mesh/force 1.002
           Step           Time
          65000       65.00000

   Energies (kJ/mol)
        LJ (SR)   Coulomb (SR)   Coul. recip.      Potential    Kinetic En.
    1.71420e+04   -1.79113e+05    5.45156e+02   -1.61426e+05    2.89410e+04
   Total Energy  Conserved En.    Temperature Pressure (bar)
   -1.32485e+05   -1.55064e+05    2.98692e+02   -1.08775e+03


DD  step 65999  vol min/aver 0.916  load imb.: force  3.0%  pme mesh/force 1.016
           Step           Time
          66000       66.00000

   Energies (kJ/mol)
        LJ (SR)   Coulomb (SR)   Coul. recip.      Potential    Kinetic En.
    1.66874e+04   -1.78622e+05    5.45701e+02   -1.61389e+05    2.92726e+04
   Total Energy  Conserved En.    Temperature Pressure (bar)
   -1.32117e+05   -1.55111e+05    3.02114e+02   -1.36356e+03


DD  step 66999  vol min/aver 0.951  load imb.: force  3.3%  pme mesh/force 1.021
           Step           Time
          67000       67.00000

   Energies (kJ/mol)
        LJ (SR)   Coulomb (SR)   Coul. recip.      Potential    Kinetic En.
    1.71797e+04   -1.78825e+05    5.41238e+02   -1.61104e+05    2.88716e+04
   Total Energy  Conserved En.    Temperature Pressure (bar)
   -1.32233e+05   -1.55063e+05    2.97976e+02   -1.05540e+03


DD  step 67999  vol min/aver 0.900  load imb.: force  2.5%  pme mesh/force 1.007
           Step           Time
          68000       68.00000

   Energies (kJ/mol)
        LJ (SR)   Coulomb (SR)   Coul. recip.      Potential    Kinetic En.
    1.71054e+04   -1.79534e+05    5.40417e+02   -1.61888e+05    2.87879e+04
   Total Energy  Conserved En.    Temperature Pressure (bar)
   -1.33100e+05   -1.55120e+05    2.97111e+02   -1.21377e+03


DD  step 68999  vol min/aver 0.948  load imb.: force  2.7%  pme mesh/force 1.007
           Step           Time
          69000       69.00000

   Energies (kJ/mol)
        LJ (SR)   Coulomb (SR)   Coul. recip.      Potential    Kinetic En.
    1.64571e+04   -1.77894e+05    5.42885e+02   -1.60894e+05    2.92179e+04
   Total Energy  Conserved En.    Temperature Pressure (bar)
   -1.31676e+05   -1.55105e+05    3.01550e+02   -1.29387e+03


DD  step 69999  vol min/aver 0.954  load imb.: force  3.5%  pme mesh/force 0.995
           Step           Time
          70000       70.00000

   Energies (kJ/mol)
        LJ (SR)   Coulomb (SR)   Coul. recip.      Potential    Kinetic En.
    1.66068e+04   -1.78327e+05    5.72734e+02   -1.61147e+05    2.92956e+04
   Total Energy  Conserved En.    Temperature Pressure (bar)
   -1.31851e+05   -1.55106e+05    3.02352e+02   -1.29878e+03


DD  step 70999  vol min/aver 0.883  load imb.: force  3.6%  pme mesh/force 1.001
           Step           Time
          71000       71.00000

   Energies (kJ/mol)
        LJ (SR)   Coulomb (SR)   Coul. recip.      Potential    Kinetic En.
    1.69861e+04   -1.78635e+05    5.59917e+02   -1.61089e+05    2.88297e+04
   Total Energy  Conserved En.    Temperature Pressure (bar)
   -1.32259e+05   -1.55108e+05    2.97543e+02   -1.13329e+03


DD  step 71999  vol min/aver 0.929  load imb.: force  4.0%  pme mesh/force 1.017
           Step           Time
          72000       72.00000

   Energies (kJ/mol)
        LJ (SR)   Coulomb (SR)   Coul. recip.      Potential    Kinetic En.
    1.74528e+04   -1.79607e+05    6.05136e+02   -1.61549e+05    2.93415e+04
   Total Energy  Conserved En.    Temperature Pressure (bar)
   -1.32207e+05   -1.55049e+05    3.02825e+02   -9.43925e+02


DD  step 72999  vol min/aver 0.936  load imb.: force  2.8%  pme mesh/force 1.006
           Step           Time
          73000       73.00000

   Energies (kJ/mol)
        LJ (SR)   Coulomb (SR)   Coul. recip.      Potential    Kinetic En.
    1.65295e+04   -1.78571e+05    5.42272e+02   -1.61499e+05    2.89319e+04
   Total Energy  Conserved En.    Temperature Pressure (bar)
   -1.32567e+05   -1.55086e+05    2.98598e+02   -1.44321e+03


DD  step 73999  vol min/aver 0.950  load imb.: force  1.7%  pme mesh/force 1.025
           Step           Time
          74000       74.00000

   Energies (kJ/mol)
        LJ (SR)   Coulomb (SR)   Coul. recip.      Potential    Kinetic En.
    1.67097e+04   -1.78892e+05    5.57183e+02   -1.61625e+05    2.87338e+04
   Total Energy  Conserved En.    Temperature Pressure (bar)
   -1.32891e+05   -1.55076e+05    2.96553e+02   -1.36307e+03


DD  step 74999  vol min/aver 0.945  load imb.: force  2.4%  pme mesh/force 1.013
           Step           Time
          75000       75.00000

   Energies (kJ/mol)
        LJ (SR)   Coulomb (SR)   Coul. recip.      Potential    Kinetic En.
    1.74448e+04   -1.79169e+05    6.06595e+02   -1.61118e+05    2.86871e+04
   Total Energy  Conserved En.    Temperature Pressure (bar)
   -1.32431e+05   -1.55094e+05    2.96071e+02   -9.41355e+02


DD  step 75999  vol min/aver 0.946  load imb.: force  2.4%  pme mesh/force 1.005
           Step           Time
          76000       76.00000

   Energies (kJ/mol)
        LJ (SR)   Coulomb (SR)   Coul. recip.      Potential    Kinetic En.
    1.71056e+04   -1.78634e+05    5.73157e+02   -1.60955e+05    2.94444e+04
   Total Energy  Conserved En.    Temperature Pressure (bar)
   -1.31510e+05   -1.55071e+05    3.03887e+02   -1.04045e+03


DD  step 76999  vol min/aver 0.953  load imb.: force  3.7%  pme mesh/force 0.987
           Step           Time
          77000       77.00000

   Energies (kJ/mol)
        LJ (SR)   Coulomb (SR)   Coul. recip.      Potential    Kinetic En.
    1.70947e+04   -1.79149e+05    5.83957e+02   -1.61471e+05    2.90056e+04
   Total Energy  Conserved En.    Temperature Pressure (bar)
   -1.32465e+05   -1.55079e+05    2.99358e+02   -1.15737e+03


DD  step 77999  vol min/aver 0.952  load imb.: force  3.9%  pme mesh/force 0.994
           Step           Time
          78000       78.00000

   Energies (kJ/mol)
        LJ (SR)   Coulomb (SR)   Coul. recip.      Potential    Kinetic En.
    1.74713e+04   -1.79620e+05    5.99575e+02   -1.61550e+05    2.91986e+04
   Total Energy  Conserved En.    Temperature Pressure (bar)
   -1.32351e+05   -1.55068e+05    3.01350e+02   -9.18655e+02


DD  step 78999  vol min/aver 0.959  load imb.: force  3.4%  pme mesh/force 1.006
           Step           Time
          79000       79.00000

   Energies (kJ/mol)
        LJ (SR)   Coulomb (SR)   Coul. recip.      Potential    Kinetic En.
    1.72649e+04   -1.78244e+05    6.06560e+02   -1.60373e+05    2.94491e+04
   Total Energy  Conserved En.    Temperature Pressure (bar)
   -1.30924e+05   -1.55017e+05    3.03936e+02   -8.79807e+02


DD  step 79999  vol min/aver 0.918  load imb.: force  2.4%  pme mesh/force 1.001
           Step           Time
          80000       80.00000

   Energies (kJ/mol)
        LJ (SR)   Coulomb (SR)   Coul. recip.      Potential    Kinetic En.
    1.69201e+04   -1.78886e+05    5.62544e+02   -1.61403e+05    2.89330e+04
   Total Energy  Conserved En.    Temperature Pressure (bar)
   -1.32470e+05   -1.55062e+05    2.98609e+02   -1.24394e+03


DD  step 80999  vol min/aver 0.903  load imb.: force  3.3%  pme mesh/force 1.007
           Step           Time
          81000       81.00000

   Energies (kJ/mol)
        LJ (SR)   Coulomb (SR)   Coul. recip.      Potential    Kinetic En.
    1.70465e+04   -1.79128e+05    5.44611e+02   -1.61537e+05    2.89989e+04
   Total Energy  Conserved En.    Temperature Pressure (bar)
   -1.32538e+05   -1.55081e+05    2.99289e+02   -1.22625e+03


DD  step 81999  vol min/aver 0.955  load imb.: force  3.2%  pme mesh/force 1.007
           Step           Time
          82000       82.00000

   Energies (kJ/mol)
        LJ (SR)   Coulomb (SR)   Coul. recip.      Potential    Kinetic En.
    1.74653e+04   -1.79321e+05    5.67473e+02   -1.61288e+05    2.91337e+04
   Total Energy  Conserved En.    Temperature Pressure (bar)
   -1.32154e+05   -1.55099e+05    3.00680e+02   -9.37630e+02


DD  step 82999  vol min/aver 0.944  load imb.: force  3.2%  pme mesh/force 1.005
           Step           Time
          83000       83.00000

   Energies (kJ/mol)
        LJ (SR)   Coulomb (SR)   Coul. recip.      Potential    Kinetic En.
    1.68775e+04   -1.79065e+05    6.04317e+02   -1.61583e+05    2.93209e+04
   Total Energy  Conserved En.    Temperature Pressure (bar)
   -1.32262e+05   -1.55083e+05    3.02613e+02   -1.30272e+03


DD  step 83999  vol min/aver 0.936  load imb.: force  2.8%  pme mesh/force 1.004
           Step           Time
          84000       84.00000

   Energies (kJ/mol)
        LJ (SR)   Coulomb (SR)   Coul. recip.      Potential    Kinetic En.
    1.66102e+04   -1.78829e+05    5.42360e+02   -1.61676e+05    2.90708e+04
   Total Energy  Conserved En.    Temperature Pressure (bar)
   -1.32605e+05   -1.55098e+05    3.00031e+02   -1.45559e+03


DD  step 84999  vol min/aver 0.950  load imb.: force  3.1%  pme mesh/force 1.003
           Step           Time
          85000       85.00000

   Energies (kJ/mol)
        LJ (SR)   Coulomb (SR)   Coul. recip.      Potential    Kinetic En.
    1.74857e+04   -1.78996e+05    5.42772e+02   -1.60968e+05    2.89345e+04
   Total Energy  Conserved En.    Temperature Pressure (bar)
   -1.32033e+05   -1.55148e+05    2.98624e+02   -8.17100e+02


DD  step 85999  vol min/aver 0.937  load imb.: force  3.3%  pme mesh/force 1.000
           Step           Time
          86000       86.00000

   Energies (kJ/mol)
        LJ (SR)   Coulomb (SR)   Coul. recip.      Potential    Kinetic En.
    1.67963e+04   -1.77786e+05    5.65318e+02   -1.60425e+05    2.94348e+04
   Total Energy  Conserved En.    Temperature Pressure (bar)
   -1.30990e+05   -1.55091e+05    3.03788e+02   -1.13647e+03


DD  step 86999  vol min/aver 0.939  load imb.: force  2.7%  pme mesh/force 1.004
           Step           Time
          87000       87.00000

   Energies (kJ/mol)
        LJ (SR)   Coulomb (SR)   Coul. recip.      Potential    Kinetic En.
    1.70290e+04   -1.78003e+05    5.78362e+02   -1.60396e+05    2.94509e+04
   Total Energy  Conserved En.    Temperature Pressure (bar)
   -1.30945e+05   -1.55031e+05    3.03954e+02   -1.00931e+03


DD  step 87999  vol min/aver 0.941  load imb.: force  3.9%  pme mesh/force 0.990
           Step           Time
          88000       88.00000

   Energies (kJ/mol)
        LJ (SR)   Coulomb (SR)   Coul. recip.      Potential    Kinetic En.
    1.74367e+04   -1.79006e+05    6.16710e+02   -1.60953e+05    2.94944e+04
   Total Energy  Conserved En.    Temperature Pressure (bar)
   -1.31458e+05   -1.54998e+05    3.04403e+02   -8.42277e+02


DD  step 88999  vol min/aver 0.946  load imb.: force  3.5%  pme mesh/force 1.001
           Step           Time
          89000       89.00000

   Energies (kJ/mol)
        LJ (SR)   Coulomb (SR)   Coul. recip.      Potential    Kinetic En.
    1.70935e+04   -1.78785e+05    5.82540e+02   -1.61109e+05    2.89471e+04
   Total Energy  Conserved En.    Temperature Pressure (bar)
   -1.32162e+05   -1.55019e+05    2.98754e+02   -1.08737e+03


DD  step 89999  vol min/aver 0.957  load imb.: force  2.9%  pme mesh/force 1.001
           Step           Time
          90000       90.00000

   Energies (kJ/mol)
        LJ (SR)   Coulomb (SR)   Coul. recip.      Potential    Kinetic En.
    1.76676e+04   -1.79368e+05    5.54771e+02   -1.61146e+05    2.90029e+04
   Total Energy  Conserved En.    Temperature Pressure (bar)
   -1.32143e+05   -1.55029e+05    2.99331e+02   -7.66402e+02


DD  step 90999  vol min/aver 0.933  load imb.: force  3.3%  pme mesh/force 1.008
           Step           Time
          91000       91.00000

   Energies (kJ/mol)
        LJ (SR)   Coulomb (SR)   Coul. recip.      Potential    Kinetic En.
    1.76895e+04   -1.79598e+05    5.63589e+02   -1.61345e+05    2.91203e+04
   Total Energy  Conserved En.    Temperature Pressure (bar)
   -1.32225e+05   -1.55049e+05    3.00542e+02   -8.60192e+02


DD  step 91999  vol min/aver 0.916  load imb.: force  2.6%  pme mesh/force 1.017
           Step           Time
          92000       92.00000

   Energies (kJ/mol)
        LJ (SR)   Coulomb (SR)   Coul. recip.      Potential    Kinetic En.
    1.74284e+04   -1.79391e+05    6.02798e+02   -1.61360e+05    2.94955e+04
   Total Energy  Conserved En.    Temperature Pressure (bar)
   -1.31865e+05   -1.55078e+05    3.04415e+02   -9.41011e+02


DD  step 92999  vol min/aver 0.922  load imb.: force  2.6%  pme mesh/force 1.018
           Step           Time
          93000       93.00000

   Energies (kJ/mol)
        LJ (SR)   Coulomb (SR)   Coul. recip.      Potential    Kinetic En.
    1.68817e+04   -1.78183e+05    5.52515e+02   -1.60749e+05    2.89297e+04
   Total Energy  Conserved En.    Temperature Pressure (bar)
   -1.31819e+05   -1.55058e+05    2.98575e+02   -1.14578e+03


DD  step 93999  vol min/aver 0.961  load imb.: force  3.0%  pme mesh/force 1.009
           Step           Time
          94000       94.00000

   Energies (kJ/mol)
        LJ (SR)   Coulomb (SR)   Coul. recip.      Potential    Kinetic En.
    1.74629e+04   -1.79152e+05    5.68116e+02   -1.61121e+05    2.94451e+04
   Total Energy  Conserved En.    Temperature Pressure (bar)
   -1.31676e+05   -1.55050e+05    3.03894e+02   -8.71712e+02


DD  step 94999  vol min/aver 0.943  load imb.: force  3.7%  pme mesh/force 0.991
           Step           Time
          95000       95.00000

   Energies (kJ/mol)
        LJ (SR)   Coulomb (SR)   Coul. recip.      Potential    Kinetic En.
    1.68264e+04   -1.77903e+05    5.82185e+02   -1.60495e+05    2.91837e+04
   Total Energy  Conserved En.    Temperature Pressure (bar)
   -1.31311e+05   -1.55061e+05    3.01196e+02   -1.09966e+03


DD  step 95999  vol min/aver 0.958  load imb.: force  2.1%  pme mesh/force 1.010
           Step           Time
          96000       96.00000

   Energies (kJ/mol)
        LJ (SR)   Coulomb (SR)   Coul. recip.      Potential    Kinetic En.
    1.68462e+04   -1.78338e+05    5.71039e+02   -1.60921e+05    2.90766e+04
   Total Energy  Conserved En.    Temperature Pressure (bar)
   -1.31844e+05   -1.55071e+05    3.00091e+02   -1.16646e+03


DD  step 96999  vol min/aver 0.923  load imb.: force  3.9%  pme mesh/force 1.002
           Step           Time
          97000       97.00000

   Energies (kJ/mol)
        LJ (SR)   Coulomb (SR)   Coul. recip.      Potential    Kinetic En.
    1.72494e+04   -1.78929e+05    5.65704e+02   -1.61114e+05    2.89834e+04
   Total Energy  Conserved En.    Temperature Pressure (bar)
   -1.32131e+05   -1.55022e+05    2.99129e+02   -9.73998e+02


DD  step 97999  vol min/aver 0.930  load imb.: force  2.3%  pme mesh/force 1.020
           Step           Time
          98000       98.00000

   Energies (kJ/mol)
        LJ (SR)   Coulomb (SR)   Coul. recip.      Potential    Kinetic En.
    1.68068e+04   -1.79283e+05    5.55608e+02   -1.61920e+05    2.91198e+04
   Total Energy  Conserved En.    Temperature Pressure (bar)
   -1.32801e+05   -1.55052e+05    3.00537e+02   -1.29570e+03


DD  step 98999  vol min/aver 0.976  load imb.: force  4.0%  pme mesh/force 0.987
           Step           Time
          99000       99.00000

   Energies (kJ/mol)
        LJ (SR)   Coulomb (SR)   Coul. recip.      Potential    Kinetic En.
    1.70818e+04   -1.78871e+05    5.73370e+02   -1.61215e+05    2.88091e+04
   Total Energy  Conserved En.    Temperature Pressure (bar)
   -1.32406e+05   -1.55068e+05    2.97331e+02   -1.08413e+03


DD  step 99999  vol min/aver 0.964  load imb.: force  3.9%  pme mesh/force 1.000
           Step           Time
         100000      100.00000

   Energies (kJ/mol)
        LJ (SR)   Coulomb (SR)   Coul. recip.      Potential    Kinetic En.
    1.67650e+04   -1.78333e+05    5.47114e+02   -1.61020e+05    2.95985e+04
   Total Energy  Conserved En.    Temperature Pressure (bar)
   -1.31422e+05   -1.55054e+05    3.05478e+02   -1.17165e+03


DD  step 100999  vol min/aver 0.961  load imb.: force  2.3%  pme mesh/force 1.009
           Step           Time
         101000      101.00000

   Energies (kJ/mol)
        LJ (SR)   Coulomb (SR)   Coul. recip.      Potential    Kinetic En.
    1.77415e+04   -1.78952e+05    5.60855e+02   -1.60650e+05    2.97909e+04
   Total Energy  Conserved En.    Temperature Pressure (bar)
   -1.30859e+05   -1.55015e+05    3.07463e+02   -6.54632e+02


DD  step 101999  vol min/aver 0.956  load imb.: force  3.4%  pme mesh/force 0.998
           Step           Time
         102000      102.00000

   Energies (kJ/mol)
        LJ (SR)   Coulomb (SR)   Coul. recip.      Potential    Kinetic En.
    1.75057e+04   -1.78892e+05    6.45415e+02   -1.60741e+05    2.93956e+04
   Total Energy  Conserved En.    Temperature Pressure (bar)
   -1.31346e+05   -1.54990e+05    3.03384e+02   -8.62633e+02


DD  step 102999  vol min/aver 0.935  load imb.: force  2.9%  pme mesh/force 0.999
           Step           Time
         103000      103.00000

   Energies (kJ/mol)
        LJ (SR)   Coulomb (SR)   Coul. recip.      Potential    Kinetic En.
    1.65186e+04   -1.78000e+05    5.54366e+02   -1.60927e+05    2.89975e+04
   Total Energy  Conserved En.    Temperature Pressure (bar)
   -1.31929e+05   -1.54980e+05    2.99275e+02   -1.34075e+03


DD  step 103999  vol min/aver 0.930  load imb.: force  3.1%  pme mesh/force 1.004
           Step           Time
         104000      104.00000

   Energies (kJ/mol)
        LJ (SR)   Coulomb (SR)   Coul. recip.      Potential    Kinetic En.
    1.72540e+04   -1.79709e+05    5.79220e+02   -1.61876e+05    2.88668e+04
   Total Energy  Conserved En.    Temperature Pressure (bar)
   -1.33010e+05   -1.54989e+05    2.97926e+02   -1.09222e+03


DD  step 104999  vol min/aver 0.925  load imb.: force  3.0%  pme mesh/force 1.005
           Step           Time
         105000      105.00000

   Energies (kJ/mol)
        LJ (SR)   Coulomb (SR)   Coul. recip.      Potential    Kinetic En.
    1.73436e+04   -1.79094e+05    5.58797e+02   -1.61191e+05    2.87219e+04
   Total Energy  Conserved En.    Temperature Pressure (bar)
   -1.32469e+05   -1.54984e+05    2.96431e+02   -9.82080e+02


DD  step 105999  vol min/aver 0.937  load imb.: force  2.7%  pme mesh/force 1.019
           Step           Time
         106000      106.00000

   Energies (kJ/mol)
        LJ (SR)   Coulomb (SR)   Coul. recip.      Potential    Kinetic En.
    1.75032e+04   -1.79950e+05    5.64470e+02   -1.61882e+05    2.93032e+04
   Total Energy  Conserved En.    Temperature Pressure (bar)
   -1.32579e+05   -1.54998e+05    3.02430e+02   -9.50590e+02


DD  step 106999  vol min/aver 0.939  load imb.: force  3.6%  pme mesh/force 1.004
           Step           Time
         107000      107.00000

   Energies (kJ/mol)
        LJ (SR)   Coulomb (SR)   Coul. recip.      Potential    Kinetic En.
    1.62626e+04   -1.78126e+05    5.80322e+02   -1.61283e+05    2.89666e+04
   Total Energy  Conserved En.    Temperature Pressure (bar)
   -1.32317e+05   -1.54962e+05    2.98956e+02   -1.55731e+03


DD  step 107999  vol min/aver 0.940  load imb.: force  3.2%  pme mesh/force 0.998
           Step           Time
         108000      108.00000

   Energies (kJ/mol)
        LJ (SR)   Coulomb (SR)   Coul. recip.      Potential    Kinetic En.
    1.73982e+04   -1.79258e+05    5.38823e+02   -1.61321e+05    2.90424e+04
   Total Energy  Conserved En.    Temperature Pressure (bar)
   -1.32278e+05   -1.54949e+05    2.99738e+02   -9.42321e+02


DD  step 108999  vol min/aver 0.934  load imb.: force  2.1%  pme mesh/force 1.004
           Step           Time
         109000      109.00000

   Energies (kJ/mol)
        LJ (SR)   Coulomb (SR)   Coul. recip.      Potential    Kinetic En.
    1.69415e+04   -1.78819e+05    5.54073e+02   -1.61323e+05    2.89878e+04
   Total Energy  Conserved En.    Temperature Pressure (bar)
   -1.32336e+05   -1.55037e+05    2.99174e+02   -1.20169e+03


DD  step 109999  vol min/aver 0.891  load imb.: force  3.3%  pme mesh/force 1.005
           Step           Time
         110000      110.00000

   Energies (kJ/mol)
        LJ (SR)   Coulomb (SR)   Coul. recip.      Potential    Kinetic En.
    1.71044e+04   -1.78435e+05    5.79942e+02   -1.60750e+05    2.83633e+04
   Total Energy  Conserved En.    Temperature Pressure (bar)
   -1.32387e+05   -1.55029e+05    2.92729e+02   -1.02667e+03


DD  step 110999  vol min/aver 0.925  load imb.: force  3.4%  pme mesh/force 0.996
           Step           Time
         111000      111.00000

   Energies (kJ/mol)
        LJ (SR)   Coulomb (SR)   Coul. recip.      Potential    Kinetic En.
    1.70238e+04   -1.78833e+05    5.63634e+02   -1.61245e+05    2.95276e+04
   Total Energy  Conserved En.    Temperature Pressure (bar)
   -1.31717e+05   -1.55005e+05    3.04746e+02   -1.08705e+03


DD  step 111999  vol min/aver 0.966  load imb.: force  4.8%  pme mesh/force 0.978
           Step           Time
         112000      112.00000

   Energies (kJ/mol)
        LJ (SR)   Coulomb (SR)   Coul. recip.      Potential    Kinetic En.
    1.65584e+04   -1.78129e+05    5.43421e+02   -1.61028e+05    2.90450e+04
   Total Energy  Conserved En.    Temperature Pressure (bar)
   -1.31983e+05   -1.55028e+05    2.99764e+02   -1.34838e+03


DD  step 112999  vol min/aver 0.896  load imb.: force  3.3%  pme mesh/force 1.002
           Step           Time
         113000      113.00000

   Energies (kJ/mol)
        LJ (SR)   Coulomb (SR)   Coul. recip.      Potential    Kinetic En.
    1.73284e+04   -1.78970e+05    5.69999e+02   -1.61072e+05    2.85362e+04
   Total Energy  Conserved En.    Temperature Pressure (bar)
   -1.32536e+05   -1.54967e+05    2.94514e+02   -9.49345e+02


DD  step 113999  vol min/aver 0.924  load imb.: force  2.5%  pme mesh/force 1.009
           Step           Time
         114000      114.00000

   Energies (kJ/mol)
        LJ (SR)   Coulomb (SR)   Coul. recip.      Potential    Kinetic En.
    1.66563e+04   -1.78461e+05    5.70666e+02   -1.61234e+05    2.93555e+04
   Total Energy  Conserved En.    Temperature Pressure (bar)
   -1.31878e+05   -1.55014e+05    3.02970e+02   -1.31136e+03


DD  step 114999  vol min/aver 0.954  load imb.: force  3.2%  pme mesh/force 1.011
           Step           Time
         115000      115.00000

   Energies (kJ/mol)
        LJ (SR)   Coulomb (SR)   Coul. recip.      Potential    Kinetic En.
    1.67578e+04   -1.78963e+05    5.77973e+02   -1.61627e+05    2.96142e+04
   Total Energy  Conserved En.    Temperature Pressure (bar)
   -1.32013e+05   -1.55022e+05    3.05639e+02   -1.36849e+03


DD  step 115999  vol min/aver 0.934  load imb.: force  3.9%  pme mesh/force 1.023
           Step           Time
         116000      116.00000

   Energies (kJ/mol)
        LJ (SR)   Coulomb (SR)   Coul. recip.      Potential    Kinetic En.
    1.77013e+04   -1.79551e+05    5.68904e+02   -1.61281e+05    2.91794e+04
   Total Energy  Conserved En.    Temperature Pressure (bar)
   -1.32101e+05   -1.54965e+05    3.01152e+02   -8.07283e+02


DD  step 116999  vol min/aver 0.911  load imb.: force  4.7%  pme mesh/force 0.990
           Step           Time
         117000      117.00000

   Energies (kJ/mol)
        LJ (SR)   Coulomb (SR)   Coul. recip.      Potential    Kinetic En.
    1.70807e+04   -1.78997e+05    5.58216e+02   -1.61358e+05    2.93943e+04
   Total Energy  Conserved En.    Temperature Pressure (bar)
   -1.31964e+05   -1.54986e+05    3.03370e+02   -1.09140e+03


DD  step 117999  vol min/aver 0.922  load imb.: force  3.3%  pme mesh/force 1.006
           Step           Time
         118000      118.00000

   Energies (kJ/mol)
        LJ (SR)   Coulomb (SR)   Coul. recip.      Potential    Kinetic En.
    1.66637e+04   -1.78496e+05    5.23507e+02   -1.61308e+05    2.92355e+04
   Total Energy  Conserved En.    Temperature Pressure (bar)
   -1.32073e+05   -1.54963e+05    3.01731e+02   -1.26891e+03


DD  step 118999  vol min/aver 0.920  load imb.: force  3.6%  pme mesh/force 1.007
           Step           Time
         119000      119.00000

   Energies (kJ/mol)
        LJ (SR)   Coulomb (SR)   Coul. recip.      Potential    Kinetic En.
    1.67308e+04   -1.78199e+05    5.59946e+02   -1.60909e+05    2.93061e+04
   Total Energy  Conserved En.    Temperature Pressure (bar)
   -1.31602e+05   -1.54947e+05    3.02460e+02   -1.22578e+03


DD  step 119999  vol min/aver 0.936  load imb.: force  3.8%  pme mesh/force 1.014
           Step           Time
         120000      120.00000

   Energies (kJ/mol)
        LJ (SR)   Coulomb (SR)   Coul. recip.      Potential    Kinetic En.
    1.79882e+04   -1.80126e+05    5.54409e+02   -1.61583e+05    2.94692e+04
   Total Energy  Conserved En.    Temperature Pressure (bar)
   -1.32114e+05   -1.54931e+05    3.04143e+02   -6.97464e+02


DD  step 120999  vol min/aver 0.935  load imb.: force  3.6%  pme mesh/force 0.988
           Step           Time
         121000      121.00000

   Energies (kJ/mol)
        LJ (SR)   Coulomb (SR)   Coul. recip.      Potential    Kinetic En.
    1.68316e+04   -1.78591e+05    5.92120e+02   -1.61167e+05    2.90102e+04
   Total Energy  Conserved En.    Temperature Pressure (bar)
   -1.32157e+05   -1.54976e+05    2.99406e+02   -1.22990e+03


DD  step 121999  vol min/aver 0.955  load imb.: force  4.1%  pme mesh/force 0.995
           Step           Time
         122000      122.00000

   Energies (kJ/mol)
        LJ (SR)   Coulomb (SR)   Coul. recip.      Potential    Kinetic En.
    1.75806e+04   -1.78941e+05    5.90551e+02   -1.60770e+05    2.89443e+04
   Total Energy  Conserved En.    Temperature Pressure (bar)
   -1.31825e+05   -1.55026e+05    2.98726e+02   -7.49092e+02


DD  step 122999  vol min/aver 0.932  load imb.: force  3.5%  pme mesh/force 1.014
           Step           Time
         123000      123.00000

   Energies (kJ/mol)
        LJ (SR)   Coulomb (SR)   Coul. recip.      Potential    Kinetic En.
    1.68067e+04   -1.78460e+05    5.24089e+02   -1.61129e+05    2.95388e+04
   Total Energy  Conserved En.    Temperature Pressure (bar)
   -1.31590e+05   -1.54985e+05    3.04861e+02   -1.16383e+03


DD  step 123999  vol min/aver 0.943  load imb.: force  2.3%  pme mesh/force 0.994
           Step           Time
         124000      124.00000

   Energies (kJ/mol)
        LJ (SR)   Coulomb (SR)   Coul. recip.      Potential    Kinetic En.
    1.66611e+04   -1.77720e+05    5.78631e+02   -1.60480e+05    2.90873e+04
   Total Energy  Conserved En.    Temperature Pressure (bar)
   -1.31393e+05   -1.54970e+05    3.00202e+02   -1.19061e+03


DD  step 124999  vol min/aver 0.944  load imb.: force  4.0%  pme mesh/force 1.010
           Step           Time
         125000      125.00000

Writing checkpoint, step 125000 at Thu Jul 13 14:40:37 2023


   Energies (kJ/mol)
        LJ (SR)   Coulomb (SR)   Coul. recip.      Potential    Kinetic En.
    1.68429e+04   -1.78153e+05    5.53757e+02   -1.60757e+05    2.91301e+04
   Total Energy  Conserved En.    Temperature Pressure (bar)
   -1.31627e+05   -1.54957e+05    3.00643e+02   -1.15978e+03


	<======  ###############  ==>
	<====  A V E R A G E S  ====>
	<==  ###############  ======>

	Statistics over 125001 steps using 1251 frames

   Energies (kJ/mol)
        LJ (SR)   Coulomb (SR)   Coul. recip.      Potential    Kinetic En.
    1.70932e+04   -1.78979e+05    5.69765e+02   -1.61316e+05    2.90774e+04
   Total Energy  Conserved En.    Temperature Pressure (bar)
   -1.32239e+05   -1.55128e+05    3.00099e+02   -1.11550e+03

   Total Virial (kJ/mol)
    1.38650e+04    3.22649e+01   -2.71142e+00
    3.23448e+01    1.39164e+04    3.95173e+01
   -2.54325e+00    3.97083e+01    1.38917e+04

   Pressure (bar)
   -1.10807e+03   -1.02734e+01    1.47094e+00
   -1.02946e+01   -1.12174e+03   -1.14852e+01
    1.42626e+00   -1.15359e+01   -1.11670e+03


	M E G A - F L O P S   A C C O U N T I N G

 NB=Group-cutoff nonbonded kernels    NxN=N-by-N cluster Verlet kernels
 RF=Reaction-Field  VdW=Van der Waals  QSTab=quadratic-spline table
 W3=SPC/TIP3p  W4=TIP4p (single or pairs)
 V&F=Potential and force  V=Potential only  F=Force only

 Computing:                               M-Number         M-Flops  % Flops
-----------------------------------------------------------------------------
 Pair Search distance check            8267.365786       74406.292     0.1
 NxN Ewald Elec. + LJ [F]           1205195.519088    94005250.489    94.4
 NxN Ewald Elec. + LJ [V&F]           12183.467824     1571667.349     1.6
 NxN Ewald Elec. [F]                   7565.255280      461480.572     0.5
 NxN Ewald Elec. [V&F]                   76.466800        6423.211     0.0
 Calc Weights                          4368.034944      157249.258     0.2
 Spread Q Bspline                     93184.745472      186369.491     0.2
 Gather F Bspline                     93184.745472      559108.473     0.6
 3D-FFT                              299631.897036     2397055.176     2.4
 Solve PME                              220.501764       14112.113     0.0
 Reset In Box                            14.571648          43.715     0.0
 CG-CoM                                  14.583296          43.750     0.0
 Virial                                  15.472368         278.503     0.0
 Stop-CM                                 14.583296         145.833     0.0
 Calc-Ekin                              145.623296        3931.829     0.0
 Constraint-V                          1454.273268       11634.186     0.0
 Constraint-Vir                          14.554134         349.299     0.0
 Settle                                 484.761634      156578.008     0.2
-----------------------------------------------------------------------------
 Total                                                99606127.547   100.0
-----------------------------------------------------------------------------


    D O M A I N   D E C O M P O S I T I O N   S T A T I S T I C S

 av. #atoms communicated per step for force:  2 x 36870.9


Dynamic load balancing report:
 DLB was turned on during the run due to measured imbalance.
 Average load imbalance: 3.4%.
 The balanceable part of the MD step is 89%, load imbalance is computed from this.
 Part of the total run time spent waiting due to load imbalance: 3.0%.
 Steps where the load balancing was limited by -rdd, -rcon and/or -dds: X 0 % Y 0 %
 Average PME mesh/force load: 1.003
 Part of the total run time spent waiting due to PP/PME imbalance: 0.2 %


     R E A L   C Y C L E   A N D   T I M E   A C C O U N T I N G

On 16 MPI ranks doing PP, and
on 4 MPI ranks doing PME

 Computing:          Num   Num      Call    Wall time         Giga-Cycles
                     Ranks Threads  Count      (s)         total sum    %
-----------------------------------------------------------------------------
 Domain decomp.        16    1       1251       0.598         27.664   0.5
 DD comm. load         16    1       1250       0.004          0.174   0.0
 DD comm. bounds       16    1       1151       0.041          1.881   0.0
 Send X to PME         16    1     125001       1.842         85.270   1.5
 Neighbor search       16    1       1251       1.820         84.254   1.5
 Comm. coord.          16    1     123750       3.559        164.740   2.9
 Force                 16    1     125001      80.237       3714.199  65.3
 Wait + Comm. F        16    1     125001       5.517        255.368   4.5
 PME mesh *             4    1     125001      87.306       1010.364  17.8
 PME wait for PP *                             10.767        124.602   2.2
 Wait + Recv. PME F    16    1     125001       0.782         36.196   0.6
 NB X/F buffer ops.    16    1     372501       1.797         83.206   1.5
 Write traj.           16    1         26       0.030          1.375   0.0
 Update                16    1     125001       0.346         16.019   0.3
 Constraints           16    1     125003       0.860         39.814   0.7
 Comm. energies        16    1       6251       0.570         26.396   0.5
 Rest                                           0.238         11.014   0.2
-----------------------------------------------------------------------------
 Total                                         98.240       5684.464 100.0
-----------------------------------------------------------------------------
(*) Note that with separate PME ranks, the walltime column actually sums to
    twice the total reported, but the cycle count total and % are correct.
-----------------------------------------------------------------------------
 Breakdown of PME mesh computation
-----------------------------------------------------------------------------
 PME redist. X/F        4    1     250002       6.797         78.661   1.4
 PME spread             4    1     125001      20.890        241.750   4.3
 PME gather             4    1     125001      17.695        204.780   3.6
 PME 3D-FFT             4    1     250002      29.622        342.808   6.0
 PME 3D-FFT Comm.       4    1     250002       9.938        115.010   2.0
 PME solve Elec         4    1     125001       2.239         25.916   0.5
-----------------------------------------------------------------------------

               Core t (s)   Wall t (s)        (%)
       Time:     1964.786       98.240     2000.0
                 (ns/day)    (hour/ns)
Performance:      109.936        0.218
Finished mdrun on rank 0 Thu Jul 13 14:40:37 2023

